{"/home/travis/build/npmtest/node-npmtest-scraperjs/test.js":{"path":"/home/travis/build/npmtest/node-npmtest-scraperjs/test.js","s":{"1":2,"2":2,"3":2,"4":2,"5":2,"6":2,"7":2,"8":1,"9":2,"10":2,"11":1,"12":1,"13":1,"14":1,"15":2,"16":2,"17":2,"18":2,"19":1,"20":1,"21":2,"22":2,"23":2,"24":1,"25":1,"26":1,"27":1,"28":1,"29":1,"30":1,"31":1,"32":1,"33":1,"34":1,"35":1,"36":1,"37":1,"38":1,"39":2,"40":2,"41":1,"42":2,"43":2,"44":1,"45":2,"46":2,"47":1,"48":2,"49":2,"50":1,"51":1,"52":1,"53":1,"54":1},"b":{"1":[2,1,1,1],"2":[1,1,1,1],"3":[1,1],"4":[1,1],"5":[1,1],"6":[1,1],"7":[1,1],"8":[1,1],"9":[1,1],"10":[1,1,1],"11":[1,1],"12":[1,1],"13":[1,1],"14":[1,1],"15":[1,1],"16":[1,1],"17":[1,1]},"f":{"1":2,"2":2,"3":2,"4":2,"5":2,"6":1,"7":1,"8":1,"9":2,"10":2,"11":2,"12":2,"13":1},"fnMap":{"1":{"name":"(anonymous_1)","line":12,"loc":{"start":{"line":12,"column":1},"end":{"line":12,"column":13}}},"2":{"name":"(anonymous_2)","line":19,"loc":{"start":{"line":19,"column":5},"end":{"line":19,"column":17}}},"3":{"name":"(anonymous_3)","line":23,"loc":{"start":{"line":23,"column":24},"end":{"line":23,"column":36}}},"4":{"name":"(anonymous_4)","line":61,"loc":{"start":{"line":61,"column":5},"end":{"line":61,"column":17}}},"5":{"name":"(anonymous_5)","line":82,"loc":{"start":{"line":82,"column":5},"end":{"line":82,"column":17}}},"6":{"name":"(anonymous_6)","line":91,"loc":{"start":{"line":91,"column":77},"end":{"line":94,"column":10}}},"7":{"name":"(anonymous_7)","line":112,"loc":{"start":{"line":112,"column":83},"end":{"line":115,"column":10}},"skip":true},"8":{"name":"(anonymous_8)","line":123,"loc":{"start":{"line":123,"column":77},"end":{"line":126,"column":10}},"skip":true},"9":{"name":"(anonymous_9)","line":139,"loc":{"start":{"line":139,"column":12},"end":{"line":139,"column":40}},"skip":true},"10":{"name":"(anonymous_10)","line":147,"loc":{"start":{"line":147,"column":77},"end":{"line":150,"column":10}},"skip":true},"11":{"name":"(anonymous_11)","line":158,"loc":{"start":{"line":158,"column":83},"end":{"line":161,"column":10}},"skip":true},"12":{"name":"(anonymous_12)","line":169,"loc":{"start":{"line":169,"column":79},"end":{"line":172,"column":10}},"skip":true},"13":{"name":"(anonymous_13)","line":180,"loc":{"start":{"line":180,"column":75},"end":{"line":183,"column":10}},"skip":true}},"statementMap":{"1":{"start":{"line":12,"column":0},"end":{"line":195,"column":5}},"2":{"start":{"line":14,"column":4},"end":{"line":14,"column":14}},"3":{"start":{"line":19,"column":4},"end":{"line":56,"column":9}},"4":{"start":{"line":21,"column":8},"end":{"line":21,"column":19}},"5":{"start":{"line":23,"column":8},"end":{"line":35,"column":13}},"6":{"start":{"line":24,"column":12},"end":{"line":34,"column":13}},"7":{"start":{"line":25,"column":16},"end":{"line":28,"column":30}},"8":{"start":{"line":30,"column":16},"end":{"line":33,"column":27}},"9":{"start":{"line":37,"column":8},"end":{"line":39,"column":21}},"10":{"start":{"line":40,"column":8},"end":{"line":53,"column":9}},"11":{"start":{"line":43,"column":12},"end":{"line":46,"column":14}},"12":{"start":{"line":47,"column":12},"end":{"line":47,"column":18}},"13":{"start":{"line":50,"column":12},"end":{"line":51,"column":46}},"14":{"start":{"line":52,"column":12},"end":{"line":52,"column":18}},"15":{"start":{"line":55,"column":8},"end":{"line":55,"column":35}},"16":{"start":{"line":61,"column":4},"end":{"line":63,"column":9}},"17":{"start":{"line":62,"column":8},"end":{"line":62,"column":15}},"18":{"start":{"line":64,"column":4},"end":{"line":77,"column":5}},"19":{"start":{"line":70,"column":8},"end":{"line":70,"column":14}},"20":{"start":{"line":76,"column":8},"end":{"line":76,"column":14}},"21":{"start":{"line":82,"column":4},"end":{"line":84,"column":9}},"22":{"start":{"line":83,"column":8},"end":{"line":83,"column":15}},"23":{"start":{"line":85,"column":4},"end":{"line":194,"column":5}},"24":{"start":{"line":91,"column":8},"end":{"line":99,"column":10}},"25":{"start":{"line":98,"column":12},"end":{"line":98,"column":35}},"26":{"start":{"line":102,"column":8},"end":{"line":104,"column":63}},"27":{"start":{"line":105,"column":8},"end":{"line":105,"column":14}},"28":{"start":{"line":112,"column":8},"end":{"line":121,"column":10},"skip":true},"29":{"start":{"line":119,"column":12},"end":{"line":119,"column":55},"skip":true},"30":{"start":{"line":120,"column":12},"end":{"line":120,"column":48},"skip":true},"31":{"start":{"line":123,"column":8},"end":{"line":136,"column":10},"skip":true},"32":{"start":{"line":130,"column":12},"end":{"line":130,"column":76},"skip":true},"33":{"start":{"line":131,"column":12},"end":{"line":131,"column":73},"skip":true},"34":{"start":{"line":132,"column":12},"end":{"line":132,"column":74},"skip":true},"35":{"start":{"line":133,"column":12},"end":{"line":133,"column":79},"skip":true},"36":{"start":{"line":134,"column":12},"end":{"line":134,"column":25},"skip":true},"37":{"start":{"line":135,"column":12},"end":{"line":135,"column":45},"skip":true},"38":{"start":{"line":138,"column":8},"end":{"line":145,"column":14},"skip":true},"39":{"start":{"line":143,"column":16},"end":{"line":143,"column":29},"skip":true},"40":{"start":{"line":144,"column":16},"end":{"line":144,"column":55},"skip":true},"41":{"start":{"line":147,"column":8},"end":{"line":156,"column":10},"skip":true},"42":{"start":{"line":154,"column":12},"end":{"line":154,"column":25},"skip":true},"43":{"start":{"line":155,"column":12},"end":{"line":155,"column":45},"skip":true},"44":{"start":{"line":158,"column":8},"end":{"line":167,"column":10},"skip":true},"45":{"start":{"line":165,"column":12},"end":{"line":165,"column":25},"skip":true},"46":{"start":{"line":166,"column":12},"end":{"line":166,"column":48},"skip":true},"47":{"start":{"line":169,"column":8},"end":{"line":178,"column":10},"skip":true},"48":{"start":{"line":176,"column":12},"end":{"line":176,"column":25},"skip":true},"49":{"start":{"line":177,"column":12},"end":{"line":177,"column":46},"skip":true},"50":{"start":{"line":180,"column":8},"end":{"line":189,"column":10},"skip":true},"51":{"start":{"line":187,"column":12},"end":{"line":187,"column":94},"skip":true},"52":{"start":{"line":188,"column":12},"end":{"line":188,"column":48},"skip":true},"53":{"start":{"line":192,"column":8},"end":{"line":192,"column":35},"skip":true},"54":{"start":{"line":193,"column":8},"end":{"line":193,"column":14},"skip":true}},"branchMap":{"1":{"line":25,"type":"binary-expr","locations":[{"start":{"line":25,"column":23},"end":{"line":25,"column":62}},{"start":{"line":26,"column":20},"end":{"line":26,"column":70}},{"start":{"line":27,"column":20},"end":{"line":27,"column":71}},{"start":{"line":28,"column":20},"end":{"line":28,"column":29}}]},"2":{"line":30,"type":"binary-expr","locations":[{"start":{"line":30,"column":23},"end":{"line":30,"column":37}},{"start":{"line":31,"column":20},"end":{"line":31,"column":61}},{"start":{"line":32,"column":20},"end":{"line":32,"column":70}},{"start":{"line":33,"column":20},"end":{"line":33,"column":26}}]},"3":{"line":37,"type":"cond-expr","locations":[{"start":{"line":38,"column":14},"end":{"line":38,"column":20}},{"start":{"line":39,"column":14},"end":{"line":39,"column":20}}]},"4":{"line":40,"type":"switch","locations":[{"start":{"line":42,"column":8},"end":{"line":47,"column":18}},{"start":{"line":49,"column":8},"end":{"line":52,"column":18}}]},"5":{"line":44,"type":"binary-expr","locations":[{"start":{"line":44,"column":16},"end":{"line":44,"column":44}},{"start":{"line":44,"column":48},"end":{"line":44,"column":66}}]},"6":{"line":50,"type":"binary-expr","locations":[{"start":{"line":50,"column":21},"end":{"line":50,"column":49}},{"start":{"line":50,"column":53},"end":{"line":50,"column":72}}]},"7":{"line":64,"type":"switch","locations":[{"start":{"line":69,"column":4},"end":{"line":70,"column":14}},{"start":{"line":75,"column":4},"end":{"line":76,"column":14}}]},"8":{"line":85,"type":"switch","locations":[{"start":{"line":90,"column":4},"end":{"line":105,"column":14}},{"start":{"line":111,"column":4},"end":{"line":193,"column":14},"skip":true}]},"9":{"line":91,"type":"binary-expr","locations":[{"start":{"line":91,"column":42},"end":{"line":91,"column":73}},{"start":{"line":91,"column":77},"end":{"line":99,"column":9}}]},"10":{"line":102,"type":"binary-expr","locations":[{"start":{"line":102,"column":18},"end":{"line":102,"column":32}},{"start":{"line":103,"column":12},"end":{"line":103,"column":53}},{"start":{"line":104,"column":12},"end":{"line":104,"column":61}}]},"11":{"line":112,"type":"binary-expr","locations":[{"start":{"line":112,"column":45},"end":{"line":112,"column":79},"skip":true},{"start":{"line":112,"column":83},"end":{"line":121,"column":9},"skip":true}]},"12":{"line":123,"type":"binary-expr","locations":[{"start":{"line":123,"column":42},"end":{"line":123,"column":73},"skip":true},{"start":{"line":123,"column":77},"end":{"line":136,"column":9},"skip":true}]},"13":{"line":138,"type":"binary-expr","locations":[{"start":{"line":138,"column":48},"end":{"line":138,"column":85},"skip":true},{"start":{"line":139,"column":12},"end":{"line":145,"column":13},"skip":true}]},"14":{"line":147,"type":"binary-expr","locations":[{"start":{"line":147,"column":42},"end":{"line":147,"column":73},"skip":true},{"start":{"line":147,"column":77},"end":{"line":156,"column":9},"skip":true}]},"15":{"line":158,"type":"binary-expr","locations":[{"start":{"line":158,"column":45},"end":{"line":158,"column":79},"skip":true},{"start":{"line":158,"column":83},"end":{"line":167,"column":9},"skip":true}]},"16":{"line":169,"type":"binary-expr","locations":[{"start":{"line":169,"column":43},"end":{"line":169,"column":75},"skip":true},{"start":{"line":169,"column":79},"end":{"line":178,"column":9},"skip":true}]},"17":{"line":180,"type":"binary-expr","locations":[{"start":{"line":180,"column":41},"end":{"line":180,"column":71},"skip":true},{"start":{"line":180,"column":75},"end":{"line":189,"column":9},"skip":true}]}},"code":["/* istanbul instrument in package npmtest_scraperjs */","/*jslint","    bitwise: true,","    browser: true,","    maxerr: 8,","    maxlen: 96,","    node: true,","    nomen: true,","    regexp: true,","    stupid: true","*/","(function () {","    'use strict';","    var local;","","","","    // run shared js-env code - pre-init","    (function () {","        // init local","        local = {};","        // init modeJs","        local.modeJs = (function () {","            try {","                return typeof navigator.userAgent === 'string' &&","                    typeof document.querySelector('body') === 'object' &&","                    typeof XMLHttpRequest.prototype.open === 'function' &&","                    'browser';","            } catch (errorCaughtBrowser) {","                return module.exports &&","                    typeof process.versions.node === 'string' &&","                    typeof require('http').createServer === 'function' &&","                    'node';","            }","        }());","        // init global","        local.global = local.modeJs === 'browser'","            ? window","            : global;","        switch (local.modeJs) {","        // re-init local from window.local","        case 'browser':","            local = local.global.utility2.objectSetDefault(","                local.global.utility2_rollup || local.global.local,","                local.global.utility2","            );","            break;","        // re-init local from example.js","        case 'node':","            local = (local.global.utility2_rollup || require('utility2'))","                .requireExampleJsFromReadme();","            break;","        }","        // export local","        local.global.local = local;","    }());","","","","    // run shared js-env code - function","    (function () {","        return;","    }());","    switch (local.modeJs) {","","","","    // run browser js-env code - function","    case 'browser':","        break;","","","","    // run node js-env code - function","    case 'node':","        break;","    }","","","","    // run shared js-env code - post-init","    (function () {","        return;","    }());","    switch (local.modeJs) {","","","","    // run browser js-env code - post-init","    case 'browser':","        local.testCase_browser_nullCase = local.testCase_browser_nullCase || function (","            options,","            onError","        ) {","        /*","         * this function will test browsers's null-case handling-behavior-behavior","         */","            onError(null, options);","        };","","        // run tests","        local.nop(local.modeTest &&","            document.querySelector('#testRunButton1') &&","            document.querySelector('#testRunButton1').click());","        break;","","","","    // run node js-env code - post-init","    /* istanbul ignore next */","    case 'node':","        local.testCase_buildApidoc_default = local.testCase_buildApidoc_default || function (","            options,","            onError","        ) {","        /*","         * this function will test buildApidoc's default handling-behavior-behavior","         */","            options = { modulePathList: module.paths };","            local.buildApidoc(options, onError);","        };","","        local.testCase_buildApp_default = local.testCase_buildApp_default || function (","            options,","            onError","        ) {","        /*","         * this function will test buildApp's default handling-behavior-behavior","         */","            local.testCase_buildReadme_default(options, local.onErrorThrow);","            local.testCase_buildLib_default(options, local.onErrorThrow);","            local.testCase_buildTest_default(options, local.onErrorThrow);","            local.testCase_buildCustomOrg_default(options, local.onErrorThrow);","            options = [];","            local.buildApp(options, onError);","        };","","        local.testCase_buildCustomOrg_default = local.testCase_buildCustomOrg_default ||","            function (options, onError) {","            /*","             * this function will test buildCustomOrg's default handling-behavior","             */","                options = {};","                local.buildCustomOrg(options, onError);","            };","","        local.testCase_buildLib_default = local.testCase_buildLib_default || function (","            options,","            onError","        ) {","        /*","         * this function will test buildLib's default handling-behavior","         */","            options = {};","            local.buildLib(options, onError);","        };","","        local.testCase_buildReadme_default = local.testCase_buildReadme_default || function (","            options,","            onError","        ) {","        /*","         * this function will test buildReadme's default handling-behavior-behavior","         */","            options = {};","            local.buildReadme(options, onError);","        };","","        local.testCase_buildTest_default = local.testCase_buildTest_default || function (","            options,","            onError","        ) {","        /*","         * this function will test buildTest's default handling-behavior","         */","            options = {};","            local.buildTest(options, onError);","        };","","        local.testCase_webpage_default = local.testCase_webpage_default || function (","            options,","            onError","        ) {","        /*","         * this function will test webpage's default handling-behavior","         */","            options = { modeCoverageMerge: true, url: local.serverLocalHost + '?modeTest=1' };","            local.browserTest(options, onError);","        };","","        // run test-server","        local.testRunServer(local);","        break;","    }","}());",""],"l":{"12":2,"14":2,"19":2,"21":2,"23":2,"24":2,"25":2,"30":1,"37":2,"40":2,"43":1,"47":1,"50":1,"52":1,"55":2,"61":2,"62":2,"64":2,"70":1,"76":1,"82":2,"83":2,"85":2,"91":1,"98":1,"102":1,"105":1,"112":1,"119":1,"120":1,"123":1,"130":1,"131":1,"132":1,"133":1,"134":1,"135":1,"138":1,"143":2,"144":2,"147":1,"154":2,"155":2,"158":1,"165":2,"166":2,"169":1,"176":2,"177":2,"180":1,"187":1,"188":1,"192":1,"193":1}},"/home/travis/build/npmtest/node-npmtest-scraperjs/lib.npmtest_scraperjs.js":{"path":"/home/travis/build/npmtest/node-npmtest-scraperjs/lib.npmtest_scraperjs.js","s":{"1":2,"2":2,"3":2,"4":2,"5":2,"6":2,"7":2,"8":1,"9":2,"10":2,"11":2,"12":2,"13":1,"14":1,"15":1,"16":1},"b":{"1":[2,1,1,1],"2":[1,1,1,1],"3":[1,1],"4":[2,2],"5":[1,1]},"f":{"1":2,"2":2,"3":2},"fnMap":{"1":{"name":"(anonymous_1)","line":12,"loc":{"start":{"line":12,"column":1},"end":{"line":12,"column":13}}},"2":{"name":"(anonymous_2)","line":19,"loc":{"start":{"line":19,"column":5},"end":{"line":19,"column":17}}},"3":{"name":"(anonymous_3)","line":23,"loc":{"start":{"line":23,"column":24},"end":{"line":23,"column":36}}}},"statementMap":{"1":{"start":{"line":12,"column":0},"end":{"line":53,"column":5}},"2":{"start":{"line":14,"column":4},"end":{"line":14,"column":14}},"3":{"start":{"line":19,"column":4},"end":{"line":52,"column":9}},"4":{"start":{"line":21,"column":8},"end":{"line":21,"column":19}},"5":{"start":{"line":23,"column":8},"end":{"line":35,"column":13}},"6":{"start":{"line":24,"column":12},"end":{"line":34,"column":13}},"7":{"start":{"line":25,"column":16},"end":{"line":28,"column":30}},"8":{"start":{"line":30,"column":16},"end":{"line":33,"column":27}},"9":{"start":{"line":37,"column":8},"end":{"line":39,"column":21}},"10":{"start":{"line":41,"column":8},"end":{"line":41,"column":54}},"11":{"start":{"line":43,"column":8},"end":{"line":43,"column":54}},"12":{"start":{"line":45,"column":8},"end":{"line":51,"column":9}},"13":{"start":{"line":46,"column":12},"end":{"line":46,"column":60}},"14":{"start":{"line":48,"column":12},"end":{"line":48,"column":35}},"15":{"start":{"line":49,"column":12},"end":{"line":49,"column":49}},"16":{"start":{"line":50,"column":12},"end":{"line":50,"column":43}}},"branchMap":{"1":{"line":25,"type":"binary-expr","locations":[{"start":{"line":25,"column":23},"end":{"line":25,"column":62}},{"start":{"line":26,"column":20},"end":{"line":26,"column":70}},{"start":{"line":27,"column":20},"end":{"line":27,"column":71}},{"start":{"line":28,"column":20},"end":{"line":28,"column":29}}]},"2":{"line":30,"type":"binary-expr","locations":[{"start":{"line":30,"column":23},"end":{"line":30,"column":37}},{"start":{"line":31,"column":20},"end":{"line":31,"column":61}},{"start":{"line":32,"column":20},"end":{"line":32,"column":70}},{"start":{"line":33,"column":20},"end":{"line":33,"column":26}}]},"3":{"line":37,"type":"cond-expr","locations":[{"start":{"line":38,"column":14},"end":{"line":38,"column":20}},{"start":{"line":39,"column":14},"end":{"line":39,"column":20}}]},"4":{"line":41,"type":"binary-expr","locations":[{"start":{"line":41,"column":16},"end":{"line":41,"column":44}},{"start":{"line":41,"column":48},"end":{"line":41,"column":53}}]},"5":{"line":45,"type":"if","locations":[{"start":{"line":45,"column":8},"end":{"line":45,"column":8}},{"start":{"line":45,"column":8},"end":{"line":45,"column":8}}]}},"code":["/* istanbul instrument in package npmtest_scraperjs */","/*jslint","    bitwise: true,","    browser: true,","    maxerr: 8,","    maxlen: 96,","    node: true,","    nomen: true,","    regexp: true,","    stupid: true","*/","(function () {","    'use strict';","    var local;","","","","    // run shared js-env code - pre-init","    (function () {","        // init local","        local = {};","        // init modeJs","        local.modeJs = (function () {","            try {","                return typeof navigator.userAgent === 'string' &&","                    typeof document.querySelector('body') === 'object' &&","                    typeof XMLHttpRequest.prototype.open === 'function' &&","                    'browser';","            } catch (errorCaughtBrowser) {","                return module.exports &&","                    typeof process.versions.node === 'string' &&","                    typeof require('http').createServer === 'function' &&","                    'node';","            }","        }());","        // init global","        local.global = local.modeJs === 'browser'","            ? window","            : global;","        // init utility2_rollup","        local = local.global.utility2_rollup || local;","        // init lib","        local.local = local.npmtest_scraperjs = local;","        // init exports","        if (local.modeJs === 'browser') {","            local.global.utility2_npmtest_scraperjs = local;","        } else {","            module.exports = local;","            module.exports.__dirname = __dirname;","            module.exports.module = module;","        }","    }());","}());",""],"l":{"12":2,"14":2,"19":2,"21":2,"23":2,"24":2,"25":2,"30":1,"37":2,"41":2,"43":2,"45":2,"46":1,"48":1,"49":1,"50":1}},"/home/travis/build/npmtest/node-npmtest-scraperjs/example.js":{"path":"/home/travis/build/npmtest/node-npmtest-scraperjs/example.js","s":{"1":2,"2":2,"3":2,"4":2,"5":2,"6":2,"7":2,"8":1,"9":2,"10":2,"11":2,"12":2,"13":1,"14":2,"15":2,"16":2,"17":2,"18":2,"19":0,"20":2,"21":1,"22":1,"23":1,"24":1,"25":1,"26":0,"27":0,"28":1,"29":1,"30":2,"31":0,"32":0,"33":0,"34":1,"35":2,"36":2,"37":3,"38":3,"39":3,"40":3,"41":0,"42":3,"43":3,"44":3,"45":1,"46":3,"47":1,"48":1,"49":1,"50":1,"51":1,"52":1,"53":1,"54":1,"55":1,"56":1,"57":0,"58":1,"59":6,"60":6,"61":1,"62":2,"63":0,"64":2,"65":1,"66":1,"67":0,"68":0,"69":0,"70":0,"71":0,"72":0,"73":0,"74":0,"75":0,"76":0,"77":0,"78":0,"79":0,"80":0,"81":0,"82":0,"83":0},"b":{"1":[2,1,1,1],"2":[1,1,1,1],"3":[1,1],"4":[2,2],"5":[1,1],"6":[1,1],"7":[2,0],"8":[2,1,1,1,1,1],"9":[0,2,0],"10":[1,1],"11":[2,1,1],"12":[1,0],"13":[0,2],"14":[2,0,0,0,0,0,0],"15":[0,3],"16":[3,0],"17":[1,1],"18":[0,1],"19":[1,2,0,2],"20":[1,0],"21":[1,1],"22":[0,0],"23":[0,0],"24":[0,0],"25":[0,0],"26":[0,0],"27":[0,0],"28":[0,0]},"f":{"1":2,"2":2,"3":2,"4":2,"5":2,"6":2,"7":3,"8":3,"9":3,"10":1,"11":6,"12":0},"fnMap":{"1":{"name":"(anonymous_1)","line":26,"loc":{"start":{"line":26,"column":1},"end":{"line":26,"column":13}}},"2":{"name":"(anonymous_2)","line":33,"loc":{"start":{"line":33,"column":5},"end":{"line":33,"column":17}}},"3":{"name":"(anonymous_3)","line":37,"loc":{"start":{"line":37,"column":24},"end":{"line":37,"column":36}}},"4":{"name":"(anonymous_4)","line":69,"loc":{"start":{"line":69,"column":31},"end":{"line":69,"column":48}},"skip":true},"5":{"name":"(anonymous_5)","line":78,"loc":{"start":{"line":78,"column":26},"end":{"line":78,"column":45}},"skip":true},"6":{"name":"(anonymous_6)","line":123,"loc":{"start":{"line":123,"column":33},"end":{"line":123,"column":48}},"skip":true},"7":{"name":"(anonymous_7)","line":125,"loc":{"start":{"line":125,"column":27},"end":{"line":125,"column":39}},"skip":true},"8":{"name":"(anonymous_8)","line":133,"loc":{"start":{"line":133,"column":59},"end":{"line":133,"column":74}},"skip":true},"9":{"name":"(anonymous_9)","line":143,"loc":{"start":{"line":143,"column":45},"end":{"line":143,"column":62}},"skip":true},"10":{"name":"(anonymous_10)","line":144,"loc":{"start":{"line":144,"column":73},"end":{"line":144,"column":92}},"skip":true},"11":{"name":"(anonymous_11)","line":272,"loc":{"start":{"line":272,"column":51},"end":{"line":272,"column":77}},"skip":true},"12":{"name":"(anonymous_12)","line":315,"loc":{"start":{"line":315,"column":32},"end":{"line":315,"column":61}},"skip":true}},"statementMap":{"1":{"start":{"line":26,"column":0},"end":{"line":326,"column":5}},"2":{"start":{"line":28,"column":4},"end":{"line":28,"column":14}},"3":{"start":{"line":33,"column":4},"end":{"line":60,"column":9}},"4":{"start":{"line":35,"column":8},"end":{"line":35,"column":19}},"5":{"start":{"line":37,"column":8},"end":{"line":49,"column":13}},"6":{"start":{"line":38,"column":12},"end":{"line":48,"column":13}},"7":{"start":{"line":39,"column":16},"end":{"line":42,"column":30}},"8":{"start":{"line":44,"column":16},"end":{"line":47,"column":27}},"9":{"start":{"line":51,"column":8},"end":{"line":53,"column":21}},"10":{"start":{"line":55,"column":8},"end":{"line":57,"column":45}},"11":{"start":{"line":59,"column":8},"end":{"line":59,"column":35}},"12":{"start":{"line":61,"column":4},"end":{"line":325,"column":5}},"13":{"start":{"line":69,"column":8},"end":{"line":121,"column":10},"skip":true},"14":{"start":{"line":70,"column":12},"end":{"line":88,"column":13},"skip":true},"15":{"start":{"line":76,"column":16},"end":{"line":87,"column":19},"skip":true},"16":{"start":{"line":79,"column":20},"end":{"line":86,"column":21},"skip":true},"17":{"start":{"line":82,"column":24},"end":{"line":82,"column":43},"skip":true},"18":{"start":{"line":83,"column":24},"end":{"line":83,"column":30},"skip":true},"19":{"start":{"line":85,"column":24},"end":{"line":85,"column":49},"skip":true},"20":{"start":{"line":89,"column":12},"end":{"line":107,"column":13},"skip":true},"21":{"start":{"line":92,"column":16},"end":{"line":102,"column":17},"skip":true},"22":{"start":{"line":93,"column":20},"end":{"line":93,"column":86},"skip":true},"23":{"start":{"line":94,"column":20},"end":{"line":95,"column":45},"skip":true},"24":{"start":{"line":96,"column":20},"end":{"line":96,"column":42},"skip":true},"25":{"start":{"line":97,"column":20},"end":{"line":97,"column":48},"skip":true},"26":{"start":{"line":100,"column":20},"end":{"line":100,"column":85},"skip":true},"27":{"start":{"line":101,"column":20},"end":{"line":101,"column":96},"skip":true},"28":{"start":{"line":103,"column":16},"end":{"line":103,"column":22},"skip":true},"29":{"start":{"line":106,"column":16},"end":{"line":106,"column":22},"skip":true},"30":{"start":{"line":108,"column":12},"end":{"line":120,"column":13},"skip":true},"31":{"start":{"line":114,"column":16},"end":{"line":119,"column":17},"skip":true},"32":{"start":{"line":116,"column":20},"end":{"line":116,"column":78},"skip":true},"33":{"start":{"line":118,"column":20},"end":{"line":118,"column":47},"skip":true},"34":{"start":{"line":123,"column":8},"end":{"line":141,"column":11},"skip":true},"35":{"start":{"line":124,"column":12},"end":{"line":124,"column":54},"skip":true},"36":{"start":{"line":125,"column":12},"end":{"line":140,"column":14},"skip":true},"37":{"start":{"line":126,"column":16},"end":{"line":126,"column":28},"skip":true},"38":{"start":{"line":127,"column":16},"end":{"line":127,"column":69},"skip":true},"39":{"start":{"line":128,"column":16},"end":{"line":128,"column":75},"skip":true},"40":{"start":{"line":129,"column":16},"end":{"line":131,"column":17},"skip":true},"41":{"start":{"line":130,"column":20},"end":{"line":130,"column":27},"skip":true},"42":{"start":{"line":133,"column":16},"end":{"line":137,"column":36},"skip":true},"43":{"start":{"line":134,"column":20},"end":{"line":136,"column":55},"skip":true},"44":{"start":{"line":139,"column":16},"end":{"line":139,"column":57},"skip":true},"45":{"start":{"line":143,"column":8},"end":{"line":147,"column":11},"skip":true},"46":{"start":{"line":144,"column":12},"end":{"line":146,"column":15},"skip":true},"47":{"start":{"line":145,"column":16},"end":{"line":145,"column":70},"skip":true},"48":{"start":{"line":149,"column":8},"end":{"line":149,"column":31},"skip":true},"49":{"start":{"line":150,"column":8},"end":{"line":150,"column":14},"skip":true},"50":{"start":{"line":158,"column":8},"end":{"line":158,"column":31},"skip":true},"51":{"start":{"line":160,"column":8},"end":{"line":160,"column":33},"skip":true},"52":{"start":{"line":161,"column":8},"end":{"line":161,"column":37},"skip":true},"53":{"start":{"line":162,"column":8},"end":{"line":162,"column":35},"skip":true},"54":{"start":{"line":164,"column":8},"end":{"line":164,"column":50},"skip":true},"55":{"start":{"line":166,"column":8},"end":{"line":256,"column":2},"skip":true},"56":{"start":{"line":258,"column":8},"end":{"line":286,"column":9},"skip":true},"57":{"start":{"line":259,"column":12},"end":{"line":269,"column":14},"skip":true},"58":{"start":{"line":271,"column":12},"end":{"line":285,"column":19},"skip":true},"59":{"start":{"line":274,"column":20},"end":{"line":274,"column":35},"skip":true},"60":{"start":{"line":275,"column":20},"end":{"line":284,"column":21},"skip":true},"61":{"start":{"line":277,"column":24},"end":{"line":277,"column":64},"skip":true},"62":{"start":{"line":279,"column":24},"end":{"line":279,"column":40},"skip":true},"63":{"start":{"line":281,"column":24},"end":{"line":281,"column":40},"skip":true},"64":{"start":{"line":283,"column":24},"end":{"line":283,"column":39},"skip":true},"65":{"start":{"line":288,"column":8},"end":{"line":290,"column":9},"skip":true},"66":{"start":{"line":289,"column":12},"end":{"line":289,"column":18},"skip":true},"67":{"start":{"line":291,"column":8},"end":{"line":293,"column":54},"skip":true},"68":{"start":{"line":296,"column":8},"end":{"line":301,"column":37},"skip":true},"69":{"start":{"line":303,"column":8},"end":{"line":303,"column":82},"skip":true},"70":{"start":{"line":306,"column":8},"end":{"line":308,"column":9},"skip":true},"71":{"start":{"line":307,"column":12},"end":{"line":307,"column":82},"skip":true},"72":{"start":{"line":310,"column":8},"end":{"line":312,"column":9},"skip":true},"73":{"start":{"line":311,"column":12},"end":{"line":311,"column":18},"skip":true},"74":{"start":{"line":313,"column":8},"end":{"line":313,"column":54},"skip":true},"75":{"start":{"line":314,"column":8},"end":{"line":314,"column":69},"skip":true},"76":{"start":{"line":315,"column":8},"end":{"line":323,"column":36},"skip":true},"77":{"start":{"line":316,"column":12},"end":{"line":316,"column":61},"skip":true},"78":{"start":{"line":317,"column":12},"end":{"line":320,"column":13},"skip":true},"79":{"start":{"line":318,"column":16},"end":{"line":318,"column":75},"skip":true},"80":{"start":{"line":319,"column":16},"end":{"line":319,"column":23},"skip":true},"81":{"start":{"line":321,"column":12},"end":{"line":321,"column":38},"skip":true},"82":{"start":{"line":322,"column":12},"end":{"line":322,"column":27},"skip":true},"83":{"start":{"line":324,"column":8},"end":{"line":324,"column":14},"skip":true}},"branchMap":{"1":{"line":39,"type":"binary-expr","locations":[{"start":{"line":39,"column":23},"end":{"line":39,"column":62}},{"start":{"line":40,"column":20},"end":{"line":40,"column":70}},{"start":{"line":41,"column":20},"end":{"line":41,"column":71}},{"start":{"line":42,"column":20},"end":{"line":42,"column":29}}]},"2":{"line":44,"type":"binary-expr","locations":[{"start":{"line":44,"column":23},"end":{"line":44,"column":37}},{"start":{"line":45,"column":20},"end":{"line":45,"column":61}},{"start":{"line":46,"column":20},"end":{"line":46,"column":70}},{"start":{"line":47,"column":20},"end":{"line":47,"column":26}}]},"3":{"line":51,"type":"cond-expr","locations":[{"start":{"line":52,"column":14},"end":{"line":52,"column":20}},{"start":{"line":53,"column":14},"end":{"line":53,"column":20}}]},"4":{"line":55,"type":"binary-expr","locations":[{"start":{"line":55,"column":16},"end":{"line":55,"column":44}},{"start":{"line":55,"column":49},"end":{"line":57,"column":43}}]},"5":{"line":55,"type":"cond-expr","locations":[{"start":{"line":56,"column":14},"end":{"line":56,"column":53}},{"start":{"line":57,"column":14},"end":{"line":57,"column":43}}]},"6":{"line":61,"type":"switch","locations":[{"start":{"line":68,"column":4},"end":{"line":150,"column":14},"skip":true},{"start":{"line":156,"column":4},"end":{"line":324,"column":14},"skip":true}]},"7":{"line":70,"type":"if","locations":[{"start":{"line":70,"column":12},"end":{"line":70,"column":12},"skip":true},{"start":{"line":70,"column":12},"end":{"line":70,"column":12},"skip":true}]},"8":{"line":70,"type":"binary-expr","locations":[{"start":{"line":70,"column":16},"end":{"line":70,"column":22},"skip":true},{"start":{"line":70,"column":27},"end":{"line":70,"column":32},"skip":true},{"start":{"line":71,"column":20},"end":{"line":71,"column":39},"skip":true},{"start":{"line":72,"column":20},"end":{"line":72,"column":49},"skip":true},{"start":{"line":73,"column":20},"end":{"line":73,"column":58},"skip":true},{"start":{"line":74,"column":20},"end":{"line":74,"column":69},"skip":true}]},"9":{"line":79,"type":"switch","locations":[{"start":{"line":80,"column":20},"end":{"line":80,"column":33},"skip":true},{"start":{"line":81,"column":20},"end":{"line":83,"column":30},"skip":true},{"start":{"line":84,"column":20},"end":{"line":85,"column":49},"skip":true}]},"10":{"line":89,"type":"switch","locations":[{"start":{"line":90,"column":12},"end":{"line":103,"column":22},"skip":true},{"start":{"line":105,"column":12},"end":{"line":106,"column":22},"skip":true}]},"11":{"line":89,"type":"binary-expr","locations":[{"start":{"line":89,"column":20},"end":{"line":89,"column":25},"skip":true},{"start":{"line":89,"column":29},"end":{"line":89,"column":48},"skip":true},{"start":{"line":89,"column":52},"end":{"line":89,"column":74},"skip":true}]},"12":{"line":92,"type":"if","locations":[{"start":{"line":92,"column":16},"end":{"line":92,"column":16},"skip":true},{"start":{"line":92,"column":16},"end":{"line":92,"column":16},"skip":true}]},"13":{"line":108,"type":"if","locations":[{"start":{"line":108,"column":12},"end":{"line":108,"column":12},"skip":true},{"start":{"line":108,"column":12},"end":{"line":108,"column":12},"skip":true}]},"14":{"line":108,"type":"binary-expr","locations":[{"start":{"line":108,"column":16},"end":{"line":108,"column":61},"skip":true},{"start":{"line":108,"column":66},"end":{"line":108,"column":72},"skip":true},{"start":{"line":108,"column":77},"end":{"line":108,"column":82},"skip":true},{"start":{"line":109,"column":20},"end":{"line":109,"column":39},"skip":true},{"start":{"line":110,"column":20},"end":{"line":110,"column":49},"skip":true},{"start":{"line":111,"column":20},"end":{"line":111,"column":58},"skip":true},{"start":{"line":112,"column":20},"end":{"line":112,"column":68},"skip":true}]},"15":{"line":129,"type":"if","locations":[{"start":{"line":129,"column":16},"end":{"line":129,"column":16},"skip":true},{"start":{"line":129,"column":16},"end":{"line":129,"column":16},"skip":true}]},"16":{"line":134,"type":"cond-expr","locations":[{"start":{"line":135,"column":26},"end":{"line":135,"column":29},"skip":true},{"start":{"line":136,"column":26},"end":{"line":136,"column":54},"skip":true}]},"17":{"line":164,"type":"binary-expr","locations":[{"start":{"line":164,"column":27},"end":{"line":164,"column":43},"skip":true},{"start":{"line":164,"column":47},"end":{"line":164,"column":49},"skip":true}]},"18":{"line":258,"type":"if","locations":[{"start":{"line":258,"column":8},"end":{"line":258,"column":8},"skip":true},{"start":{"line":258,"column":8},"end":{"line":258,"column":8},"skip":true}]},"19":{"line":275,"type":"switch","locations":[{"start":{"line":276,"column":20},"end":{"line":277,"column":64},"skip":true},{"start":{"line":278,"column":20},"end":{"line":279,"column":40},"skip":true},{"start":{"line":280,"column":20},"end":{"line":281,"column":40},"skip":true},{"start":{"line":282,"column":20},"end":{"line":283,"column":39},"skip":true}]},"20":{"line":288,"type":"if","locations":[{"start":{"line":288,"column":8},"end":{"line":288,"column":8},"skip":true},{"start":{"line":288,"column":8},"end":{"line":288,"column":8},"skip":true}]},"21":{"line":288,"type":"binary-expr","locations":[{"start":{"line":288,"column":12},"end":{"line":288,"column":40},"skip":true},{"start":{"line":288,"column":44},"end":{"line":288,"column":67},"skip":true}]},"22":{"line":292,"type":"binary-expr","locations":[{"start":{"line":292,"column":12},"end":{"line":292,"column":50},"skip":true},{"start":{"line":293,"column":12},"end":{"line":293,"column":53},"skip":true}]},"23":{"line":297,"type":"binary-expr","locations":[{"start":{"line":297,"column":12},"end":{"line":297,"column":67},"skip":true},{"start":{"line":298,"column":12},"end":{"line":301,"column":36},"skip":true}]},"24":{"line":303,"type":"binary-expr","locations":[{"start":{"line":303,"column":43},"end":{"line":303,"column":75},"skip":true},{"start":{"line":303,"column":79},"end":{"line":303,"column":81},"skip":true}]},"25":{"line":306,"type":"if","locations":[{"start":{"line":306,"column":8},"end":{"line":306,"column":8},"skip":true},{"start":{"line":306,"column":8},"end":{"line":306,"column":8},"skip":true}]},"26":{"line":310,"type":"if","locations":[{"start":{"line":310,"column":8},"end":{"line":310,"column":8},"skip":true},{"start":{"line":310,"column":8},"end":{"line":310,"column":8},"skip":true}]},"27":{"line":313,"type":"binary-expr","locations":[{"start":{"line":313,"column":27},"end":{"line":313,"column":43},"skip":true},{"start":{"line":313,"column":47},"end":{"line":313,"column":53},"skip":true}]},"28":{"line":317,"type":"if","locations":[{"start":{"line":317,"column":12},"end":{"line":317,"column":12},"skip":true},{"start":{"line":317,"column":12},"end":{"line":317,"column":12},"skip":true}]}},"code":["/*","example.js","","quickstart example","","instruction","    1. save this script as example.js","    2. run the shell command:","        $ npm install npmtest-scraperjs && PORT=8081 node example.js","    3. play with the browser-demo on http://127.0.0.1:8081","*/","","","","/* istanbul instrument in package npmtest_scraperjs */","/*jslint","    bitwise: true,","    browser: true,","    maxerr: 8,","    maxlen: 96,","    node: true,","    nomen: true,","    regexp: true,","    stupid: true","*/","(function () {","    'use strict';","    var local;","","","","    // run shared js-env code - pre-init","    (function () {","        // init local","        local = {};","        // init modeJs","        local.modeJs = (function () {","            try {","                return typeof navigator.userAgent === 'string' &&","                    typeof document.querySelector('body') === 'object' &&","                    typeof XMLHttpRequest.prototype.open === 'function' &&","                    'browser';","            } catch (errorCaughtBrowser) {","                return module.exports &&","                    typeof process.versions.node === 'string' &&","                    typeof require('http').createServer === 'function' &&","                    'node';","            }","        }());","        // init global","        local.global = local.modeJs === 'browser'","            ? window","            : global;","        // init utility2_rollup","        local = local.global.utility2_rollup || (local.modeJs === 'browser'","            ? local.global.utility2_npmtest_scraperjs","            : global.utility2_moduleExports);","        // export local","        local.global.local = local;","    }());","    switch (local.modeJs) {","","","","    // post-init","    // run browser js-env code - post-init","    /* istanbul ignore next */","    case 'browser':","        local.testRunBrowser = function (event) {","            if (!event || (event &&","                    event.currentTarget &&","                    event.currentTarget.className &&","                    event.currentTarget.className.includes &&","                    event.currentTarget.className.includes('onreset'))) {","                // reset output","                Array.from(","                    document.querySelectorAll('body > .resettable')","                ).forEach(function (element) {","                    switch (element.tagName) {","                    case 'INPUT':","                    case 'TEXTAREA':","                        element.value = '';","                        break;","                    default:","                        element.textContent = '';","                    }","                });","            }","            switch (event && event.currentTarget && event.currentTarget.id) {","            case 'testRunButton1':","                // show tests","                if (document.querySelector('#testReportDiv1').style.display === 'none') {","                    document.querySelector('#testReportDiv1').style.display = 'block';","                    document.querySelector('#testRunButton1').textContent =","                        'hide internal test';","                    local.modeTest = true;","                    local.testRunDefault(local);","                // hide tests","                } else {","                    document.querySelector('#testReportDiv1').style.display = 'none';","                    document.querySelector('#testRunButton1').textContent = 'run internal test';","                }","                break;","            // custom-case","            default:","                break;","            }","            if (document.querySelector('#inputTextareaEval1') && (!event || (event &&","                    event.currentTarget &&","                    event.currentTarget.className &&","                    event.currentTarget.className.includes &&","                    event.currentTarget.className.includes('oneval')))) {","                // try to eval input-code","                try {","                    /*jslint evil: true*/","                    eval(document.querySelector('#inputTextareaEval1').value);","                } catch (errorCaught) {","                    console.error(errorCaught);","                }","            }","        };","        // log stderr and stdout to #outputTextareaStdout1","        ['error', 'log'].forEach(function (key) {","            console[key + '_original'] = console[key];","            console[key] = function () {","                var element;","                console[key + '_original'].apply(console, arguments);","                element = document.querySelector('#outputTextareaStdout1');","                if (!element) {","                    return;","                }","                // append text to #outputTextareaStdout1","                element.value += Array.from(arguments).map(function (arg) {","                    return typeof arg === 'string'","                        ? arg","                        : JSON.stringify(arg, null, 4);","                }).join(' ') + '\\n';","                // scroll textarea to bottom","                element.scrollTop = element.scrollHeight;","            };","        });","        // init event-handling","        ['change', 'click', 'keyup'].forEach(function (event) {","            Array.from(document.querySelectorAll('.on' + event)).forEach(function (element) {","                element.addEventListener(event, local.testRunBrowser);","            });","        });","        // run tests","        local.testRunBrowser();","        break;","","","","    // run node js-env code - post-init","    /* istanbul ignore next */","    case 'node':","        // export local","        module.exports = local;","        // require modules","        local.fs = require('fs');","        local.http = require('http');","        local.url = require('url');","        // init assets","        local.assetsDict = local.assetsDict || {};","        /* jslint-ignore-begin */","        local.assetsDict['/assets.index.template.html'] = '\\","<!doctype html>\\n\\","<html lang=\"en\">\\n\\","<head>\\n\\","<meta charset=\"UTF-8\">\\n\\","<meta name=\"viewport\" content=\"width=device-width, initial-scale=1\">\\n\\","<title>{{env.npm_package_name}} (v{{env.npm_package_version}})</title>\\n\\","<style>\\n\\","/*csslint\\n\\","    box-sizing: false,\\n\\","    universal-selector: false\\n\\","*/\\n\\","* {\\n\\","    box-sizing: border-box;\\n\\","}\\n\\","body {\\n\\","    background: #dde;\\n\\","    font-family: Arial, Helvetica, sans-serif;\\n\\","    margin: 2rem;\\n\\","}\\n\\","body > * {\\n\\","    margin-bottom: 1rem;\\n\\","}\\n\\",".utility2FooterDiv {\\n\\","    margin-top: 20px;\\n\\","    text-align: center;\\n\\","}\\n\\","</style>\\n\\","<style>\\n\\","/*csslint\\n\\","*/\\n\\","textarea {\\n\\","    font-family: monospace;\\n\\","    height: 10rem;\\n\\","    width: 100%;\\n\\","}\\n\\","textarea[readonly] {\\n\\","    background: #ddd;\\n\\","}\\n\\","</style>\\n\\","</head>\\n\\","<body>\\n\\","<!-- utility2-comment\\n\\","<div id=\"ajaxProgressDiv1\" style=\"background: #d00; height: 2px; left: 0; margin: 0; padding: 0; position: fixed; top: 0; transition: background 0.5s, width 1.5s; width: 25%;\"></div>\\n\\","utility2-comment -->\\n\\","<h1>\\n\\","<!-- utility2-comment\\n\\","    <a\\n\\","        {{#if env.npm_package_homepage}}\\n\\","        href=\"{{env.npm_package_homepage}}\"\\n\\","        {{/if env.npm_package_homepage}}\\n\\","        target=\"_blank\"\\n\\","    >\\n\\","utility2-comment -->\\n\\","        {{env.npm_package_name}} (v{{env.npm_package_version}})\\n\\","<!-- utility2-comment\\n\\","    </a>\\n\\","utility2-comment -->\\n\\","</h1>\\n\\","<h3>{{env.npm_package_description}}</h3>\\n\\","<!-- utility2-comment\\n\\","<h4><a download href=\"assets.app.js\">download standalone app</a></h4>\\n\\","<button class=\"onclick onreset\" id=\"testRunButton1\">run internal test</button><br>\\n\\","<div id=\"testReportDiv1\" style=\"display: none;\"></div>\\n\\","utility2-comment -->\\n\\","\\n\\","\\n\\","\\n\\","<label>stderr and stdout</label>\\n\\","<textarea class=\"resettable\" id=\"outputTextareaStdout1\" readonly></textarea>\\n\\","<!-- utility2-comment\\n\\","{{#if isRollup}}\\n\\","<script src=\"assets.app.js\"></script>\\n\\","{{#unless isRollup}}\\n\\","utility2-comment -->\\n\\","<script src=\"assets.utility2.rollup.js\"></script>\\n\\","<script src=\"jsonp.utility2._stateInit?callback=window.utility2._stateInit\"></script>\\n\\","<script src=\"assets.npmtest_scraperjs.rollup.js\"></script>\\n\\","<script src=\"assets.example.js\"></script>\\n\\","<script src=\"assets.test.js\"></script>\\n\\","<!-- utility2-comment\\n\\","{{/if isRollup}}\\n\\","utility2-comment -->\\n\\","<div class=\"utility2FooterDiv\">\\n\\","    [ this app was created with\\n\\","    <a href=\"https://github.com/kaizhu256/node-utility2\" target=\"_blank\">utility2</a>\\n\\","    ]\\n\\","</div>\\n\\","</body>\\n\\","</html>\\n\\","';","        /* jslint-ignore-end */","        if (local.templateRender) {","            local.assetsDict['/'] = local.templateRender(","                local.assetsDict['/assets.index.template.html'],","                {","                    env: local.objectSetDefault(local.env, {","                        npm_package_description: 'the greatest app in the world!',","                        npm_package_name: 'my-app',","                        npm_package_nameAlias: 'my_app',","                        npm_package_version: '0.0.1'","                    })","                }","            );","        } else {","            local.assetsDict['/'] = local.assetsDict['/assets.index.template.html']","                .replace((/\\{\\{env\\.(\\w+?)\\}\\}/g), function (match0, match1) {","                    // jslint-hack","                    String(match0);","                    switch (match1) {","                    case 'npm_package_description':","                        return 'the greatest app in the world!';","                    case 'npm_package_name':","                        return 'my-app';","                    case 'npm_package_nameAlias':","                        return 'my_app';","                    case 'npm_package_version':","                        return '0.0.1';","                    }","                });","        }","        // run the cli","        if (local.global.utility2_rollup || module !== require.main) {","            break;","        }","        local.assetsDict['/assets.example.js'] =","            local.assetsDict['/assets.example.js'] ||","            local.fs.readFileSync(__filename, 'utf8');","        // bug-workaround - long $npm_package_buildCustomOrg","        /* jslint-ignore-begin */","        local.assetsDict['/assets.npmtest_scraperjs.rollup.js'] =","            local.assetsDict['/assets.npmtest_scraperjs.rollup.js'] ||","            local.fs.readFileSync(","                local.npmtest_scraperjs.__dirname + '/lib.npmtest_scraperjs.js',","                'utf8'","            ).replace((/^#!/), '//');","        /* jslint-ignore-end */","        local.assetsDict['/favicon.ico'] = local.assetsDict['/favicon.ico'] || '';","        // if $npm_config_timeout_exit exists,","        // then exit this process after $npm_config_timeout_exit ms","        if (Number(process.env.npm_config_timeout_exit)) {","            setTimeout(process.exit, Number(process.env.npm_config_timeout_exit));","        }","        // start server","        if (local.global.utility2_serverHttp1) {","            break;","        }","        process.env.PORT = process.env.PORT || '8081';","        console.error('server starting on port ' + process.env.PORT);","        local.http.createServer(function (request, response) {","            request.urlParsed = local.url.parse(request.url);","            if (local.assetsDict[request.urlParsed.pathname] !== undefined) {","                response.end(local.assetsDict[request.urlParsed.pathname]);","                return;","            }","            response.statusCode = 404;","            response.end();","        }).listen(process.env.PORT);","        break;","    }","}());",""],"l":{"26":2,"28":2,"33":2,"35":2,"37":2,"38":2,"39":2,"44":1,"51":2,"55":2,"59":2,"61":2,"69":1,"70":2,"76":2,"79":2,"82":2,"83":2,"85":1,"89":2,"92":1,"93":1,"94":1,"96":1,"97":1,"100":1,"101":1,"103":1,"106":1,"108":2,"114":1,"116":1,"118":1,"123":1,"124":2,"125":2,"126":3,"127":3,"128":3,"129":3,"130":1,"133":3,"134":3,"139":3,"143":1,"144":3,"145":1,"149":1,"150":1,"158":1,"160":1,"161":1,"162":1,"164":1,"166":1,"258":1,"259":1,"271":1,"274":6,"275":6,"277":1,"279":2,"281":1,"283":2,"288":1,"289":1,"291":1,"296":1,"303":1,"306":1,"307":1,"310":1,"311":1,"313":1,"314":1,"315":1,"316":1,"317":1,"318":1,"319":1,"321":1,"322":1,"324":1}},"/home/travis/build/npmtest/node-npmtest-scraperjs/node_modules/scraperjs/src/Scraper.js":{"path":"/home/travis/build/npmtest/node-npmtest-scraperjs/node_modules/scraperjs/src/Scraper.js","s":{"1":1,"2":1},"b":{},"f":{},"fnMap":{},"statementMap":{"1":{"start":{"line":1,"column":0},"end":{"line":4,"column":30}},"2":{"start":{"line":6,"column":0},"end":{"line":11,"column":2}}},"branchMap":{},"code":["var StaticScraper = require('./StaticScraper.js'),","\tDynamicScraper = require('./DynamicScraper.js'),","\tScraperPromise = require('./ScraperPromise.js'),","\tRouter = require('./Router');","","module.exports = {","\tStaticScraper: StaticScraper,","\tDynamicScraper: DynamicScraper,","\tScraperPromise: ScraperPromise,","\tRouter: Router","};"],"l":{"1":1,"6":1}},"/home/travis/build/npmtest/node-npmtest-scraperjs/node_modules/scraperjs/src/StaticScraper.js":{"path":"/home/travis/build/npmtest/node-npmtest-scraperjs/node_modules/scraperjs/src/StaticScraper.js","s":{"1":1,"2":1,"3":0,"4":0,"5":1,"6":1,"7":0,"8":0,"9":0,"10":1,"11":0,"12":0,"13":0,"14":0,"15":0,"16":0,"17":0,"18":0,"19":1,"20":0,"21":1,"22":0,"23":1,"24":0,"25":1},"b":{"1":[0,0]},"f":{"1":0,"2":0,"3":0,"4":0,"5":0,"6":0},"fnMap":{"1":{"name":"(anonymous_1)","line":11,"loc":{"start":{"line":11,"column":20},"end":{"line":11,"column":31}}},"2":{"name":"(anonymous_2)","line":26,"loc":{"start":{"line":26,"column":35},"end":{"line":26,"column":50}}},"3":{"name":"(anonymous_3)","line":45,"loc":{"start":{"line":45,"column":33},"end":{"line":45,"column":71}}},"4":{"name":"(anonymous_4)","line":61,"loc":{"start":{"line":61,"column":32},"end":{"line":61,"column":43}}},"5":{"name":"(anonymous_5)","line":68,"loc":{"start":{"line":68,"column":32},"end":{"line":68,"column":43}}},"6":{"name":"(anonymous_6)","line":80,"loc":{"start":{"line":80,"column":23},"end":{"line":80,"column":37}}}},"statementMap":{"1":{"start":{"line":1,"column":0},"end":{"line":2,"column":48}},"2":{"start":{"line":11,"column":0},"end":{"line":20,"column":2}},"3":{"start":{"line":12,"column":1},"end":{"line":12,"column":28}},"4":{"start":{"line":19,"column":1},"end":{"line":19,"column":15}},"5":{"start":{"line":21,"column":0},"end":{"line":21,"column":67}},"6":{"start":{"line":26,"column":0},"end":{"line":30,"column":2}},"7":{"start":{"line":27,"column":1},"end":{"line":27,"column":34}},"8":{"start":{"line":28,"column":1},"end":{"line":28,"column":8}},"9":{"start":{"line":29,"column":1},"end":{"line":29,"column":13}},"10":{"start":{"line":45,"column":0},"end":{"line":56,"column":2}},"11":{"start":{"line":46,"column":1},"end":{"line":46,"column":31}},"12":{"start":{"line":47,"column":1},"end":{"line":47,"column":19}},"13":{"start":{"line":48,"column":1},"end":{"line":48,"column":22}},"14":{"start":{"line":49,"column":1},"end":{"line":53,"column":2}},"15":{"start":{"line":50,"column":2},"end":{"line":50,"column":39}},"16":{"start":{"line":52,"column":2},"end":{"line":52,"column":10}},"17":{"start":{"line":54,"column":1},"end":{"line":54,"column":25}},"18":{"start":{"line":55,"column":1},"end":{"line":55,"column":13}},"19":{"start":{"line":61,"column":0},"end":{"line":63,"column":2}},"20":{"start":{"line":62,"column":1},"end":{"line":62,"column":13}},"21":{"start":{"line":68,"column":0},"end":{"line":70,"column":2}},"22":{"start":{"line":69,"column":1},"end":{"line":69,"column":28}},"23":{"start":{"line":80,"column":0},"end":{"line":82,"column":2}},"24":{"start":{"line":81,"column":1},"end":{"line":81,"column":51}},"25":{"start":{"line":84,"column":0},"end":{"line":84,"column":31}}},"branchMap":{"1":{"line":47,"type":"binary-expr","locations":[{"start":{"line":47,"column":8},"end":{"line":47,"column":12}},{"start":{"line":47,"column":16},"end":{"line":47,"column":18}}]}},"code":["var cheerio = require('cheerio'),","\tAbstractScraper = require('./AbstractScraper');","","/**"," * A static scraper. This can only scrape static content, with the"," *   help of jQuery."," * This version uses cheerio {@link https://github.com/cheeriojs/cheerio}."," *"," * @extends {AbstractScraper}"," */","var StaticScraper = function() {","\tAbstractScraper.call(this);","\t/**","\t * jQuery.","\t *","\t * @type {!function}","\t * @private","\t */","\tthis.$ = null;","};","StaticScraper.prototype = Object.create(AbstractScraper.prototype);","/**"," * @override"," * @inheritDoc"," */","StaticScraper.prototype.loadBody = function(done) {","\tthis.$ = cheerio.load(this.body);","\tdone();","\treturn this;","};","/**"," * Scrapes the webpage. According to a function, and a callback."," *"," * @param  {!function(function(), ...?)} scraperFn Function to scrape"," *   the content. It receives the jQuery function to manipulate the"," *   DOM, and the args as parameters, if passed."," * @param  {!function(?)} callbackFn Function that receives the"," *   result of the scraping."," * @param  {!Array=} args Extra arguments to pass to the scraping"," *   function."," * @return {!AbstractScraper} This scraper."," * @override"," * @public"," */","StaticScraper.prototype.scrape = function(scraperFn, callbackFn, args) {","\tvar result = null, err = null;","\targs = args || [];","\targs.unshift(this.$);","\ttry {","\t\tresult = scraperFn.apply(null, args);","\t} catch (e) {","\t\terr = e;","\t}","\tcallbackFn(err, result);","\treturn this;","};","/**"," * @override"," * @inheritDoc"," */","StaticScraper.prototype.close = function() {","\treturn this;","};","/**"," * @override"," * @inheritDoc"," */","StaticScraper.prototype.clone = function() {","\treturn new StaticScraper();","};","/**"," * Creates a static scraper, wrapped around a scraper promise."," *"," * @param  {!string=} url If provided makes an HTTP GET request to the"," *   given URL."," * @return {!ScraperPromise} Scraper promise, with a static scraper."," * @public"," * @static"," */","StaticScraper.create = function(url) {","\treturn AbstractScraper.create(StaticScraper, url);","};","","module.exports = StaticScraper;"],"l":{"1":1,"11":1,"12":0,"19":0,"21":1,"26":1,"27":0,"28":0,"29":0,"45":1,"46":0,"47":0,"48":0,"49":0,"50":0,"52":0,"54":0,"55":0,"61":1,"62":0,"68":1,"69":0,"80":1,"81":0,"84":1}},"/home/travis/build/npmtest/node-npmtest-scraperjs/node_modules/scraperjs/src/AbstractScraper.js":{"path":"/home/travis/build/npmtest/node-npmtest-scraperjs/node_modules/scraperjs/src/AbstractScraper.js","s":{"1":1,"2":1,"3":0,"4":0,"5":0,"6":0,"7":1,"8":0,"9":0,"10":0,"11":0,"12":0,"13":0,"14":0,"15":0,"16":0,"17":0,"18":0,"19":0,"20":0,"21":0,"22":0,"23":0,"24":0,"25":0,"26":0,"27":0,"28":0,"29":0,"30":0,"31":0,"32":0,"33":0,"34":0,"35":1,"36":0,"37":0,"38":0,"39":0,"40":1},"b":{"1":[0,0],"2":[0,0],"3":[0,0]},"f":{"1":0,"2":0,"3":0,"4":0,"5":0,"6":0,"7":0,"8":0,"9":0,"10":0,"11":0,"12":0,"13":0,"14":0,"15":0},"fnMap":{"1":{"name":"(anonymous_1)","line":11,"loc":{"start":{"line":11,"column":22},"end":{"line":11,"column":33}}},"2":{"name":"(anonymous_2)","line":55,"loc":{"start":{"line":55,"column":6},"end":{"line":55,"column":30}}},"3":{"name":"processGet","line":57,"loc":{"start":{"line":57,"column":19},"end":{"line":57,"column":62}}},"4":{"name":"(anonymous_4)","line":65,"loc":{"start":{"line":65,"column":18},"end":{"line":65,"column":32}}},"5":{"name":"(anonymous_5)","line":87,"loc":{"start":{"line":87,"column":10},"end":{"line":87,"column":38}}},"6":{"name":"processRequest","line":89,"loc":{"start":{"line":89,"column":19},"end":{"line":89,"column":66}}},"7":{"name":"(anonymous_7)","line":97,"loc":{"start":{"line":97,"column":18},"end":{"line":97,"column":32}}},"8":{"name":"(anonymous_8)","line":111,"loc":{"start":{"line":111,"column":16},"end":{"line":111,"column":27}}},"9":{"name":"(anonymous_9)","line":121,"loc":{"start":{"line":121,"column":14},"end":{"line":121,"column":25}}},"10":{"name":"(anonymous_10)","line":131,"loc":{"start":{"line":131,"column":10},"end":{"line":131,"column":21}}},"11":{"name":"(anonymous_11)","line":144,"loc":{"start":{"line":144,"column":11},"end":{"line":144,"column":26}}},"12":{"name":"(anonymous_12)","line":160,"loc":{"start":{"line":160,"column":9},"end":{"line":160,"column":47}}},"13":{"name":"(anonymous_13)","line":167,"loc":{"start":{"line":167,"column":8},"end":{"line":167,"column":19}}},"14":{"name":"(anonymous_14)","line":174,"loc":{"start":{"line":174,"column":8},"end":{"line":174,"column":19}}},"15":{"name":"(anonymous_15)","line":189,"loc":{"start":{"line":189,"column":25},"end":{"line":189,"column":61}}}},"statementMap":{"1":{"start":{"line":1,"column":0},"end":{"line":2,"column":46}},"2":{"start":{"line":11,"column":0},"end":{"line":40,"column":2}},"3":{"start":{"line":18,"column":1},"end":{"line":18,"column":24}},"4":{"start":{"line":25,"column":1},"end":{"line":25,"column":22}},"5":{"start":{"line":32,"column":1},"end":{"line":32,"column":18}},"6":{"start":{"line":39,"column":1},"end":{"line":39,"column":15}},"7":{"start":{"line":41,"column":0},"end":{"line":175,"column":2}},"8":{"start":{"line":56,"column":2},"end":{"line":56,"column":18}},"9":{"start":{"line":57,"column":2},"end":{"line":69,"column":5}},"10":{"start":{"line":58,"column":3},"end":{"line":68,"column":4}},"11":{"start":{"line":59,"column":4},"end":{"line":59,"column":20}},"12":{"start":{"line":61,"column":4},"end":{"line":61,"column":29}},"13":{"start":{"line":62,"column":4},"end":{"line":62,"column":42}},"14":{"start":{"line":63,"column":4},"end":{"line":63,"column":21}},"15":{"start":{"line":64,"column":4},"end":{"line":64,"column":37}},"16":{"start":{"line":65,"column":4},"end":{"line":67,"column":7}},"17":{"start":{"line":66,"column":5},"end":{"line":66,"column":19}},"18":{"start":{"line":70,"column":2},"end":{"line":70,"column":14}},"19":{"start":{"line":88,"column":2},"end":{"line":88,"column":18}},"20":{"start":{"line":89,"column":2},"end":{"line":101,"column":5}},"21":{"start":{"line":90,"column":3},"end":{"line":100,"column":4}},"22":{"start":{"line":91,"column":4},"end":{"line":91,"column":20}},"23":{"start":{"line":93,"column":4},"end":{"line":93,"column":29}},"24":{"start":{"line":94,"column":4},"end":{"line":94,"column":42}},"25":{"start":{"line":95,"column":4},"end":{"line":95,"column":21}},"26":{"start":{"line":96,"column":4},"end":{"line":96,"column":37}},"27":{"start":{"line":97,"column":4},"end":{"line":99,"column":7}},"28":{"start":{"line":98,"column":5},"end":{"line":98,"column":19}},"29":{"start":{"line":102,"column":2},"end":{"line":102,"column":14}},"30":{"start":{"line":112,"column":2},"end":{"line":112,"column":25}},"31":{"start":{"line":122,"column":2},"end":{"line":122,"column":23}},"32":{"start":{"line":132,"column":2},"end":{"line":132,"column":19}},"33":{"start":{"line":145,"column":2},"end":{"line":145,"column":9}},"34":{"start":{"line":146,"column":2},"end":{"line":146,"column":14}},"35":{"start":{"line":189,"column":0},"end":{"line":195,"column":2}},"36":{"start":{"line":190,"column":1},"end":{"line":190,"column":60}},"37":{"start":{"line":191,"column":1},"end":{"line":193,"column":2}},"38":{"start":{"line":192,"column":2},"end":{"line":192,"column":19}},"39":{"start":{"line":194,"column":1},"end":{"line":194,"column":16}},"40":{"start":{"line":197,"column":0},"end":{"line":197,"column":33}}},"branchMap":{"1":{"line":58,"type":"if","locations":[{"start":{"line":58,"column":3},"end":{"line":58,"column":3}},{"start":{"line":58,"column":3},"end":{"line":58,"column":3}}]},"2":{"line":90,"type":"if","locations":[{"start":{"line":90,"column":3},"end":{"line":90,"column":3}},{"start":{"line":90,"column":3},"end":{"line":90,"column":3}}]},"3":{"line":191,"type":"if","locations":[{"start":{"line":191,"column":1},"end":{"line":191,"column":1}},{"start":{"line":191,"column":1},"end":{"line":191,"column":1}}]}},"code":["var request = require('request'),","\tScraperPromise = require('./ScraperPromise');","","/**"," * An abstract scraper, this class should not be used directly as a"," *   scraper, instead a concrete scraper should inherit or use this"," *   class as a composite this class."," *"," * @constructor"," */","var AbstractScraper = function() {","\t/**","\t * Status code of the last requested page.","\t *","\t * @type {!number}","\t * @protected","\t */","\tthis.statusCode = null;","\t/**","\t * Response of the last requested page.","\t *","\t * @type {!Object}","\t * @protected","\t */","\tthis.response = null;","\t/**","\t * Body of the last webpage, as a string.","\t *","\t * @type {!string}","\t * @protected","\t */","\tthis.body = null;","\t/**","\t * URL.","\t *","\t * @type {!string}","\t * @protected","\t */","\tthis.url = '';","};","AbstractScraper.prototype = {","\tconstructor: AbstractScraper,","\t/**","\t * Executes a simple HTTP GET request to the given url.","\t *","\t * @param  {!string} url URL to request.","\t * @param  {!function(Error=)} callback Function to call when the","\t *   request is done. If the request was successful then it's","\t *   called with no arguments or null argument. Otherwise, if","\t *   there was an error the it's called with one argument not","\t *   null, that should be an error instance.","\t * @return {!AbstractScraper} This scraper.","\t * @public","\t */","\tget: function(url, callback) {","\t\tvar that = this;","\t\trequest.get(url, function processGet(error, response, body) {","\t\t\tif (error) {","\t\t\t\tcallback(error);","\t\t\t} else {","\t\t\t\tthat.response = response;","\t\t\t\tthat.statusCode = response.statusCode;","\t\t\t\tthat.body = body;","\t\t\t\tthat.url = response.request.href;","\t\t\t\tthat.loadBody(function(err) {","\t\t\t\t\tcallback(err);","\t\t\t\t});","\t\t\t}","\t\t});","\t\treturn this;","\t},","\t/**","\t * Executes an HTTP request to an url. This method allows for the","\t *   powerful use of the request package {@link https://github.com/mikeal/request},","\t *   since it's basically a wrapper around the method request.","\t *   For more information about how it's used refer to {@link https://github.com/mikeal/request#requestoptions-callback}.","\t *","\t * @param  {!(Object|string)} options Options of the request.","\t * @param  {!function(Error=)} callback Function to call when the","\t *   request is done. If the request was successful then it's","\t *   called with no arguments or null argument. Otherwise, if","\t *   there was an error the it's called with one argument not","\t *   null, that should be an error instance.","\t * @return {!AbstractScraper} This scraper.","\t * @public","\t */","\trequest: function(options, callback) {","\t\tvar that = this;","\t\trequest(options, function processRequest(error, response, body) {","\t\t\tif (error) {","\t\t\t\tcallback(error);","\t\t\t} else {","\t\t\t\tthat.response = response;","\t\t\t\tthat.statusCode = response.statusCode;","\t\t\t\tthat.body = body;","\t\t\t\tthat.url = response.request.href;","\t\t\t\tthat.loadBody(function(err) {","\t\t\t\t\tcallback(err);","\t\t\t\t});","\t\t\t}","\t\t});","\t\treturn this;","\t},","\t/**","\t * Gets the status code of the last request.","\t *","\t * @return {?number} The status code, if a there was a successful","\t *   request, null otherwise.","\t * @public","\t */","\tgetStatusCode: function() {","\t\treturn this.statusCode;","\t},","\t/**","\t * Gets the response of the last request.","\t *","\t * @return {?number} The status code, if a there was a successful","\t *   request, null otherwise.","\t * @public","\t */","\tgetResponse: function() {","\t\treturn this.response;","\t},","\t/**","\t * Gets the body of the last request.","\t *","\t * @return {?number} The status code, if a there was a successful","\t *   request, null otherwise.","\t * @public","\t */","\tgetBody: function() {","\t\treturn this.body;","\t},","\t/* jshint unused:false */","\t/**","\t * Loads the string, to a representation that can be used in the","\t *   scraping process.","\t *","\t * @param  {!function()} done Callback function, for when the body","\t *   is done loading.","\t * @return {!AbstractScraper} This scraper.","\t * @protected","\t */","\tloadBody: function(done) {","\t\tdone();","\t\treturn this;","\t},","\t/**","\t * Scrapes the webpage. According to a function, and a callback.","\t *","\t * @param  {!function(...?)} scraperFn Function to scrape the","\t *   content.","\t * @param  {!function(?)} callbackFn Function that receives the","\t *   result of the scraping.","\t * @param  {!Array} args Aditional arguments to pass to the","\t *   scraping function.","\t * @return {!AbstractScraper} This scraper.","\t * @public","\t */","\tscrape: function(scraperFn, callbackFn, args) {},","\t/**","\t * Closes the scraper.","\t *","\t * @return {!AbstractScraper} This scraper.","\t * @public","\t */","\tclose: function() {},","\t/**","\t * Clones the scraper.","\t *","\t * @return {!AbstractScraper} Empty clone.","\t * @public","\t */","\tclone: function() {}","};","/* jshint unused:true */","","/**"," * Creates a scraper, based on a scraper type, and creates it's"," *   promise."," *"," * @param  {!AbstractScraper} ScraperType Some concrete implementation"," *   of an abstract scraper."," * @param  {!string=} url Url to make an HTTP GET request."," * @return {!ScraperPromise} A scraper promise."," * @public"," * @static"," */","AbstractScraper.create = function(ScraperType, url, options) {","\tvar promise = new ScraperPromise(new ScraperType(options));","\tif (url) {","\t\tpromise.get(url);","\t}","\treturn promise;","};","","module.exports = AbstractScraper;"],"l":{"1":1,"11":1,"18":0,"25":0,"32":0,"39":0,"41":1,"56":0,"57":0,"58":0,"59":0,"61":0,"62":0,"63":0,"64":0,"65":0,"66":0,"70":0,"88":0,"89":0,"90":0,"91":0,"93":0,"94":0,"95":0,"96":0,"97":0,"98":0,"102":0,"112":0,"122":0,"132":0,"145":0,"146":0,"189":1,"190":0,"191":0,"192":0,"194":0,"197":1}},"/home/travis/build/npmtest/node-npmtest-scraperjs/node_modules/scraperjs/src/ScraperPromise.js":{"path":"/home/travis/build/npmtest/node-npmtest-scraperjs/node_modules/scraperjs/src/ScraperPromise.js","s":{"1":1,"2":1,"3":0,"4":0,"5":0,"6":0,"7":0,"8":0,"9":0,"10":1,"11":0,"12":0,"13":0,"14":0,"15":0,"16":0,"17":0,"18":0,"19":0,"20":0,"21":0,"22":0,"23":0,"24":0,"25":0,"26":0,"27":0,"28":0,"29":0,"30":0,"31":0,"32":0,"33":0,"34":0,"35":0,"36":0,"37":0,"38":0,"39":0,"40":0,"41":0,"42":0,"43":0,"44":0,"45":0,"46":0,"47":0,"48":0,"49":0,"50":0,"51":0,"52":0,"53":0,"54":0,"55":0,"56":0,"57":0,"58":0,"59":0,"60":0,"61":0,"62":0,"63":0,"64":0,"65":0,"66":0,"67":0,"68":0,"69":0,"70":0,"71":0,"72":0,"73":0,"74":0,"75":0,"76":0,"77":0,"78":0,"79":0,"80":0,"81":0,"82":0,"83":0,"84":0,"85":0,"86":0,"87":0,"88":0,"89":0,"90":0,"91":0,"92":0,"93":1},"b":{"1":[0,0],"2":[0,0],"3":[0,0],"4":[0,0],"5":[0,0],"6":[0,0],"7":[0,0],"8":[0,0],"9":[0,0],"10":[0,0],"11":[0,0]},"f":{"1":0,"2":0,"3":0,"4":0,"5":0,"6":0,"7":0,"8":0,"9":0,"10":0,"11":0,"12":0,"13":0,"14":0,"15":0,"16":0,"17":0,"18":0,"19":0,"20":0,"21":0,"22":0,"23":0,"24":0,"25":0,"26":0,"27":0,"28":0,"29":0,"30":0,"31":0,"32":0,"33":0,"34":0,"35":0,"36":0},"fnMap":{"1":{"name":"(anonymous_1)","line":6,"loc":{"start":{"line":6,"column":21},"end":{"line":6,"column":39}}},"2":{"name":"(anonymous_2)","line":27,"loc":{"start":{"line":27,"column":21},"end":{"line":27,"column":43}}},"3":{"name":"(anonymous_3)","line":36,"loc":{"start":{"line":36,"column":22},"end":{"line":36,"column":36}}},"4":{"name":"(anonymous_4)","line":65,"loc":{"start":{"line":65,"column":15},"end":{"line":65,"column":40}}},"5":{"name":"onGenericStatusCode","line":68,"loc":{"start":{"line":68,"column":22},"end":{"line":68,"column":64}}},"6":{"name":"onStatusCode","line":72,"loc":{"start":{"line":72,"column":22},"end":{"line":72,"column":57}}},"7":{"name":"(anonymous_7)","line":98,"loc":{"start":{"line":98,"column":9},"end":{"line":98,"column":38}}},"8":{"name":"(anonymous_8)","line":102,"loc":{"start":{"line":102,"column":25},"end":{"line":102,"column":42}}},"9":{"name":"scrape","line":105,"loc":{"start":{"line":105,"column":21},"end":{"line":105,"column":50}}},"10":{"name":"(anonymous_10)","line":106,"loc":{"start":{"line":106,"column":33},"end":{"line":106,"column":55}}},"11":{"name":"(anonymous_11)","line":127,"loc":{"start":{"line":127,"column":8},"end":{"line":127,"column":33}}},"12":{"name":"(anonymous_12)","line":128,"loc":{"start":{"line":128,"column":25},"end":{"line":128,"column":36}}},"13":{"name":"delay","line":129,"loc":{"start":{"line":129,"column":21},"end":{"line":129,"column":49}}},"14":{"name":"(anonymous_14)","line":130,"loc":{"start":{"line":130,"column":14},"end":{"line":130,"column":25}}},"15":{"name":"(anonymous_15)","line":148,"loc":{"start":{"line":148,"column":10},"end":{"line":148,"column":35}}},"16":{"name":"timeout","line":149,"loc":{"start":{"line":149,"column":21},"end":{"line":149,"column":51}}},"17":{"name":"(anonymous_17)","line":150,"loc":{"start":{"line":150,"column":14},"end":{"line":150,"column":25}}},"18":{"name":"(anonymous_18)","line":166,"loc":{"start":{"line":166,"column":7},"end":{"line":166,"column":24}}},"19":{"name":"(anonymous_19)","line":178,"loc":{"start":{"line":178,"column":7},"end":{"line":178,"column":26}}},"20":{"name":"then","line":179,"loc":{"start":{"line":179,"column":21},"end":{"line":179,"column":48}}},"21":{"name":"(anonymous_21)","line":193,"loc":{"start":{"line":193,"column":8},"end":{"line":193,"column":27}}},"22":{"name":"async","line":194,"loc":{"start":{"line":194,"column":21},"end":{"line":194,"column":49}}},"23":{"name":"(anonymous_23)","line":202,"loc":{"start":{"line":202,"column":10},"end":{"line":202,"column":29}}},"24":{"name":"(anonymous_24)","line":218,"loc":{"start":{"line":218,"column":10},"end":{"line":218,"column":29}}},"25":{"name":"(anonymous_25)","line":230,"loc":{"start":{"line":230,"column":6},"end":{"line":230,"column":20}}},"26":{"name":"(anonymous_26)","line":232,"loc":{"start":{"line":232,"column":24},"end":{"line":232,"column":38}}},"27":{"name":"(anonymous_27)","line":246,"loc":{"start":{"line":246,"column":10},"end":{"line":246,"column":28}}},"28":{"name":"(anonymous_28)","line":248,"loc":{"start":{"line":248,"column":32},"end":{"line":248,"column":46}}},"29":{"name":"(anonymous_29)","line":259,"loc":{"start":{"line":259,"column":21},"end":{"line":259,"column":37}}},"30":{"name":"(anonymous_30)","line":270,"loc":{"start":{"line":270,"column":8},"end":{"line":270,"column":24}}},"31":{"name":"dispatcher","line":290,"loc":{"start":{"line":290,"column":34},"end":{"line":290,"column":68}}},"32":{"name":"(anonymous_32)","line":291,"loc":{"start":{"line":291,"column":14},"end":{"line":291,"column":40}}},"33":{"name":"(anonymous_33)","line":302,"loc":{"start":{"line":302,"column":16},"end":{"line":302,"column":27}}},"34":{"name":"(anonymous_34)","line":311,"loc":{"start":{"line":311,"column":5},"end":{"line":311,"column":19}}},"35":{"name":"(anonymous_35)","line":326,"loc":{"start":{"line":326,"column":15},"end":{"line":326,"column":34}}},"36":{"name":"(anonymous_36)","line":336,"loc":{"start":{"line":336,"column":8},"end":{"line":336,"column":19}}}},"statementMap":{"1":{"start":{"line":1,"column":0},"end":{"line":1,"column":29}},"2":{"start":{"line":6,"column":0},"end":{"line":49,"column":2}},"3":{"start":{"line":13,"column":1},"end":{"line":13,"column":24}},"4":{"start":{"line":20,"column":1},"end":{"line":20,"column":20}},"5":{"start":{"line":27,"column":1},"end":{"line":29,"column":3}},"6":{"start":{"line":28,"column":2},"end":{"line":28,"column":14}},"7":{"start":{"line":36,"column":1},"end":{"line":38,"column":3}},"8":{"start":{"line":37,"column":2},"end":{"line":37,"column":12}},"9":{"start":{"line":48,"column":1},"end":{"line":48,"column":28}},"10":{"start":{"line":50,"column":0},"end":{"line":344,"column":2}},"11":{"start":{"line":66,"column":2},"end":{"line":80,"column":3}},"12":{"start":{"line":67,"column":3},"end":{"line":67,"column":19}},"13":{"start":{"line":68,"column":3},"end":{"line":70,"column":6}},"14":{"start":{"line":69,"column":4},"end":{"line":69,"column":62}},"15":{"start":{"line":72,"column":3},"end":{"line":79,"column":6}},"16":{"start":{"line":73,"column":4},"end":{"line":77,"column":5}},"17":{"start":{"line":74,"column":5},"end":{"line":74,"column":33}},"18":{"start":{"line":76,"column":5},"end":{"line":76,"column":34}},"19":{"start":{"line":81,"column":2},"end":{"line":81,"column":14}},"20":{"start":{"line":99,"column":2},"end":{"line":99,"column":37}},"21":{"start":{"line":101,"column":2},"end":{"line":101,"column":64}},"22":{"start":{"line":102,"column":2},"end":{"line":104,"column":4}},"23":{"start":{"line":103,"column":3},"end":{"line":103,"column":17}},"24":{"start":{"line":105,"column":2},"end":{"line":113,"column":5}},"25":{"start":{"line":106,"column":3},"end":{"line":112,"column":34}},"26":{"start":{"line":107,"column":4},"end":{"line":111,"column":5}},"27":{"start":{"line":108,"column":5},"end":{"line":108,"column":26}},"28":{"start":{"line":110,"column":5},"end":{"line":110,"column":41}},"29":{"start":{"line":114,"column":2},"end":{"line":114,"column":14}},"30":{"start":{"line":128,"column":2},"end":{"line":128,"column":39}},"31":{"start":{"line":129,"column":2},"end":{"line":133,"column":5}},"32":{"start":{"line":130,"column":3},"end":{"line":132,"column":12}},"33":{"start":{"line":131,"column":4},"end":{"line":131,"column":32}},"34":{"start":{"line":134,"column":2},"end":{"line":134,"column":14}},"35":{"start":{"line":149,"column":2},"end":{"line":154,"column":5}},"36":{"start":{"line":150,"column":3},"end":{"line":152,"column":12}},"37":{"start":{"line":151,"column":4},"end":{"line":151,"column":20}},"38":{"start":{"line":153,"column":3},"end":{"line":153,"column":20}},"39":{"start":{"line":155,"column":2},"end":{"line":155,"column":14}},"40":{"start":{"line":167,"column":2},"end":{"line":167,"column":29}},"41":{"start":{"line":168,"column":2},"end":{"line":168,"column":14}},"42":{"start":{"line":179,"column":2},"end":{"line":181,"column":5}},"43":{"start":{"line":180,"column":3},"end":{"line":180,"column":49}},"44":{"start":{"line":182,"column":2},"end":{"line":182,"column":14}},"45":{"start":{"line":194,"column":2},"end":{"line":196,"column":5}},"46":{"start":{"line":195,"column":3},"end":{"line":195,"column":43}},"47":{"start":{"line":197,"column":2},"end":{"line":197,"column":14}},"48":{"start":{"line":203,"column":2},"end":{"line":203,"column":72}},"49":{"start":{"line":204,"column":2},"end":{"line":204,"column":30}},"50":{"start":{"line":219,"column":2},"end":{"line":219,"column":32}},"51":{"start":{"line":220,"column":2},"end":{"line":220,"column":14}},"52":{"start":{"line":231,"column":2},"end":{"line":231,"column":18}},"53":{"start":{"line":232,"column":2},"end":{"line":234,"column":5}},"54":{"start":{"line":233,"column":3},"end":{"line":233,"column":19}},"55":{"start":{"line":235,"column":2},"end":{"line":235,"column":14}},"56":{"start":{"line":247,"column":2},"end":{"line":247,"column":18}},"57":{"start":{"line":248,"column":2},"end":{"line":250,"column":5}},"58":{"start":{"line":249,"column":3},"end":{"line":249,"column":19}},"59":{"start":{"line":251,"column":2},"end":{"line":251,"column":14}},"60":{"start":{"line":260,"column":2},"end":{"line":260,"column":30}},"61":{"start":{"line":271,"column":2},"end":{"line":281,"column":15}},"62":{"start":{"line":282,"column":2},"end":{"line":282,"column":29}},"63":{"start":{"line":284,"column":2},"end":{"line":288,"column":3}},"64":{"start":{"line":285,"column":3},"end":{"line":285,"column":36}},"65":{"start":{"line":286,"column":3},"end":{"line":286,"column":28}},"66":{"start":{"line":287,"column":3},"end":{"line":287,"column":10}},"67":{"start":{"line":290,"column":2},"end":{"line":318,"column":5}},"68":{"start":{"line":291,"column":3},"end":{"line":301,"column":5}},"69":{"start":{"line":292,"column":4},"end":{"line":292,"column":34}},"70":{"start":{"line":293,"column":4},"end":{"line":300,"column":5}},"71":{"start":{"line":294,"column":5},"end":{"line":294,"column":18}},"72":{"start":{"line":295,"column":5},"end":{"line":295,"column":19}},"73":{"start":{"line":296,"column":11},"end":{"line":300,"column":5}},"74":{"start":{"line":297,"column":5},"end":{"line":297,"column":19}},"75":{"start":{"line":298,"column":11},"end":{"line":300,"column":5}},"76":{"start":{"line":299,"column":5},"end":{"line":299,"column":16}},"77":{"start":{"line":302,"column":3},"end":{"line":304,"column":5}},"78":{"start":{"line":303,"column":4},"end":{"line":303,"column":28}},"79":{"start":{"line":306,"column":3},"end":{"line":310,"column":4}},"80":{"start":{"line":307,"column":4},"end":{"line":307,"column":31}},"81":{"start":{"line":309,"column":4},"end":{"line":309,"column":20}},"82":{"start":{"line":312,"column":3},"end":{"line":312,"column":21}},"83":{"start":{"line":313,"column":3},"end":{"line":315,"column":4}},"84":{"start":{"line":314,"column":4},"end":{"line":314,"column":35}},"85":{"start":{"line":316,"column":3},"end":{"line":316,"column":46}},"86":{"start":{"line":317,"column":3},"end":{"line":317,"column":24}},"87":{"start":{"line":327,"column":2},"end":{"line":327,"column":27}},"88":{"start":{"line":337,"column":2},"end":{"line":338,"column":42}},"89":{"start":{"line":339,"column":2},"end":{"line":339,"column":38}},"90":{"start":{"line":340,"column":2},"end":{"line":340,"column":34}},"91":{"start":{"line":341,"column":2},"end":{"line":341,"column":36}},"92":{"start":{"line":342,"column":2},"end":{"line":342,"column":17}},"93":{"start":{"line":346,"column":0},"end":{"line":346,"column":32}}},"branchMap":{"1":{"line":66,"type":"if","locations":[{"start":{"line":66,"column":2},"end":{"line":66,"column":2}},{"start":{"line":66,"column":2},"end":{"line":66,"column":2}}]},"2":{"line":73,"type":"if","locations":[{"start":{"line":73,"column":4},"end":{"line":73,"column":4}},{"start":{"line":73,"column":4},"end":{"line":73,"column":4}}]},"3":{"line":102,"type":"binary-expr","locations":[{"start":{"line":102,"column":13},"end":{"line":102,"column":21}},{"start":{"line":102,"column":25},"end":{"line":104,"column":3}}]},"4":{"line":10
[...]
return this;","\t\t} else {","\t\t\tthrow new ScraperError('');","\t\t}","\t},","\t/**","\t * Sets the request method to be according to the options.","\t * {@see AbstractScraper.request}","\t *","\t * @param  {!Object} options Request options.","\t * @return {!Router} This router.","\t * @public","\t */","\trequest: function(options) {","\t\tvar length = this.promises.length,","\t\t\tlast = this.promises[length - 1];","\t\tif (length && last) {","\t\t\tlast.rqMethod = function(scraper, url) {","\t\t\t\toptions.uri = url;","\t\t\t\tscraper.request(options);","\t\t\t};","\t\t\treturn this;","\t\t} else {","\t\t\tthrow new ScraperError('');","\t\t}","\t},","\t/**","\t * A promise to be triggered when none of the paths where matched.","\t * This is a one time promise, which means that the last promise","\t *   is gonna be the one to be executed.","\t *","\t * @param  {!function(!string=)} callback Function with the url as","\t *   a parameter.","\t * @return {!Router} This router.","\t * @public","\t */","\totherwise: function(callback) {","\t\tthis.otherwiseFn = callback;","\t\treturn this;","\t},","\t/**","\t * Creates a static scraper, and associates it with the current","\t *   router promise chain. Note that this method returns a","\t *   {@see ScraperPromise} of a {@see StaticScraper}.","\t *","\t * @return {!ScraperPromise} A promise for the scraper.","\t * @public","\t */","\tcreateStatic: function() {","\t\tvar length = this.promises.length,","\t\t\tlast = this.promises[length - 1];","\t\tif (length && last && !last.scraper) {","\t\t\tvar ss = StaticScraper.create();","\t\t\tlast.scraper = ss;","\t\t\treturn ss;","\t\t} else {","\t\t\tthrow new ScraperError('');","\t\t}","\t},","\t/**","\t * Associates the current route with the a scraper (promise)","\t *   instance. Keep in mind that the done promise will not be","\t *   available.","\t *","\t * @param  {!AbstractScraper} scraper A scraper instance to use.","\t * @return {!Router} This router.","\t * @public","\t */","\tuse: function(scraper) {","\t\tvar length = this.promises.length,","\t\t\tlast = this.promises[length - 1];","\t\tif (length && last && !last.scraper) {","\t\t\tlast.scraper = scraper;","\t\t\treturn this;","\t\t} else {","\t\t\tthrow new ScraperError('');","\t\t}","\t},","\t/**","\t * Creates a dynamic scraper, and associates it with the current","\t *   router promise chain. Note that this method returns a","\t *   {@see ScraperPromise} of a {@see DynamicScraper}.","\t *","\t * @return {!ScraperPromise} A promise for the scraper.","\t * @public","\t */","\tcreateDynamic: function() {","\t\tvar length = this.promises.length,","\t\t\tlast = this.promises[length - 1];","\t\tif (length && last && !last.scraper) {","\t\t\tvar ss = DynamicScraper.create();","\t\t\tlast.scraper = ss;","\t\t\treturn ss;","\t\t} else {","\t\t\tthrow new ScraperError('');","\t\t}","\t},","\t/**","\t * Routes a url through every path that matches it.","\t *","\t * @param  {!string} url The url to route.","\t * @param  {!function(boolean)} callback Function to call when the","\t *   routing is complete. If any of the paths was found the","\t *   parameter is true, false otherwise.","\t * @return {!Router} This router.","\t * @public","\t */","\troute: function(url, callback) {","\t\tvar that = this,","\t\t\tatLeastOne = false,","\t\t\tstopFlag = {},","\t\t\tlastReturn;","\t\tcallback = callback || function() {};","\t\tasync.eachSeries(this.promises, function(promiseObj, done) {","","\t\t\tvar matcher = promiseObj.callback,","\t\t\t\tscraper,","\t\t\t\treqMethod = promiseObj.rqMethod;","\t\t\tvar result = matcher(url);","\t\t\tif (!!result) {","\t\t\t\tscraper = promiseObj.scraper.clone();","\t\t\t\tatLeastOne = true;","\t\t\t\tscraper._setChainParameter(result);","\t\t\t\tscraper.done(function(lr, utils) {","\t\t\t\t\tlastReturn = lr;","\t\t\t\t\tdone(that.firstMatchStop ? stopFlag : undefined);","\t\t\t\t});","\t\t\t\treqMethod(scraper, url);","\t\t\t} else {","\t\t\t\tdone();","\t\t\t}","","\t\t}, function() {","\t\t\tif (!atLeastOne) {","\t\t\t\tthat.otherwiseFn(url);","\t\t\t}","\t\t\tcallback(atLeastOne, lastReturn);","\t\t});","\t\treturn this;","\t}","};","/**"," * Creates a function to match a path against a string."," *"," * @param  {!(string|RegExp)} pathOrRE Pattern to match, if it's a"," *   string it will be transformed into a regular expression."," * @return {!function(string):(Object|booelan)} A matching function,"," *   that given a string will check if it matches the path. If the"," *   path has parameters it will return an object with the parameters"," *   as keys and the values as the values of the parameters. An empty"," *   object if there were no valid parameters or false if the path"," *   doesn't match with the string."," * @public"," * @static"," */","Router.pathMatcher = function(pathOrRE) {","\tvar pattern,","\t\tkeys = ['url'];","\tif (pathOrRE instanceof RegExp) {","\t\tpattern = pathOrRE;","\t} else if (typeof pathOrRE === 'string') {","\t\tpattern = pathToRegExp(pathOrRE, keys);","\t} else {","\t\tthrow new ScraperError('A path must be a string or a regular expression.');","\t}","","\treturn function patternMatchingFunction(url) {","\t\tvar match = pattern.exec(url);","\t\tif (!match) {","\t\t\treturn false;","\t\t} else {","\t\t\treturn keys.reduce(function(obj, value, index) {","\t\t\t\tobj[value] = match[index];","\t\t\t\treturn obj;","\t\t\t}, {});","\t\t}","\t};","};","","module.exports = Router;",""],"l":{"1":1,"17":1,"18":0,"22":0,"23":0,"26":0,"27":0,"28":0,"32":0,"44":1,"45":0,"52":0,"59":0,"66":0,"68":1,"86":0,"87":0,"88":0,"91":0,"93":0,"98":0,"108":0,"110":0,"111":0,"112":0,"114":0,"116":0,"128":0,"130":0,"131":0,"132":0,"133":0,"135":0,"137":0,"151":0,"152":0,"163":0,"165":0,"166":0,"167":0,"168":0,"170":0,"183":0,"185":0,"186":0,"187":0,"189":0,"201":0,"203":0,"204":0,"205":0,"206":0,"208":0,"222":0,"226":0,"227":0,"229":0,"232":0,"233":0,"234":0,"235":0,"236":0,"237":0,"238":0,"239":0,"241":0,"243":0,"247":0,"248":0,"250":0,"252":0,"269":1,"270":0,"272":0,"273":0,"274":0,"275":0,"277":0,"280":0,"281":0,"282":0,"283":0,"285":0,"286":0,"287":0,"293":1}},"/home/travis/build/npmtest/node-npmtest-scraperjs/node_modules/scraperjs/Gruntfile.js":{"path":"/home/travis/build/npmtest/node-npmtest-scraperjs/node_modules/scraperjs/Gruntfile.js","s":{"1":2,"2":0,"3":0,"4":0,"5":0,"6":0,"7":0,"8":0,"9":0,"10":0,"11":0,"12":0,"13":0,"14":0,"15":0,"16":0,"17":0,"18":0,"19":0,"20":0,"21":0},"b":{"1":[0,0]},"f":{"1":0,"2":0,"3":0},"fnMap":{"1":{"name":"(anonymous_1)","line":11,"loc":{"start":{"line":11,"column":17},"end":{"line":11,"column":33}}},"2":{"name":"(anonymous_2)","line":82,"loc":{"start":{"line":82,"column":62},"end":{"line":82,"column":73}}},"3":{"name":"(anonymous_3)","line":86,"loc":{"start":{"line":86,"column":31},"end":{"line":86,"column":42}}}},"statementMap":{"1":{"start":{"line":1,"column":0},"end":{"line":1,"column":47}},"2":{"start":{"line":3,"column":0},"end":{"line":9,"column":25}},"3":{"start":{"line":11,"column":0},"end":{"line":101,"column":2}},"4":{"start":{"line":12,"column":1},"end":{"line":12,"column":40}},"5":{"start":{"line":13,"column":1},"end":{"line":13,"column":44}},"6":{"start":{"line":14,"column":1},"end":{"line":14,"column":43}},"7":{"start":{"line":15,"column":1},"end":{"line":15,"column":43}},"8":{"start":{"line":16,"column":1},"end":{"line":16,"column":34}},"9":{"start":{"line":18,"column":1},"end":{"line":78,"column":4}},"10":{"start":{"line":80,"column":1},"end":{"line":80,"column":12}},"11":{"start":{"line":82,"column":1},"end":{"line":84,"column":4}},"12":{"start":{"line":83,"column":2},"end":{"line":83,"column":29}},"13":{"start":{"line":86,"column":1},"end":{"line":90,"column":4}},"14":{"start":{"line":87,"column":2},"end":{"line":89,"column":3}},"15":{"start":{"line":88,"column":3},"end":{"line":88,"column":18}},"16":{"start":{"line":92,"column":1},"end":{"line":92,"column":77}},"17":{"start":{"line":94,"column":1},"end":{"line":94,"column":113}},"18":{"start":{"line":95,"column":1},"end":{"line":95,"column":115}},"19":{"start":{"line":97,"column":1},"end":{"line":97,"column":58}},"20":{"start":{"line":98,"column":1},"end":{"line":98,"column":42}},"21":{"start":{"line":100,"column":1},"end":{"line":100,"column":64}}},"branchMap":{"1":{"line":87,"type":"if","locations":[{"start":{"line":87,"column":2},"end":{"line":87,"column":2}},{"start":{"line":87,"column":2},"end":{"line":87,"column":2}}]}},"code":["var testServer = require('./test/setupServer');","","var MOCHA_TIMEOUT_S = 10,","\tMOCHA_TIMEOUT_MS = MOCHA_TIMEOUT_S * 1000,","\tMOCHA_OPTIONS = {","\t\treporter: 'spec',","\t\ttimeout: MOCHA_TIMEOUT_MS","\t},","\tCOVERAGE_THRESHOLD = 95;","","module.exports = function(grunt) {","\tgrunt.loadNpmTasks('grunt-mocha-test');","\tgrunt.loadNpmTasks('grunt-contrib-jshint');","\tgrunt.loadNpmTasks('grunt-contrib-watch');","\tgrunt.loadNpmTasks('grunt-contrib-clean');","\tgrunt.loadNpmTasks('grunt-exec');","","\tgrunt.initConfig({","\t\texec: {","\t\t\tcoverage: {","\t\t\t\tcommand: 'istanbul cover ./node_modules/mocha/bin/_mocha -x src/PhantomWrapper.js -- -t ' + MOCHA_TIMEOUT_MS + ' --root src/ test/'","\t\t\t},","\t\t\tcoveralls: {","\t\t\t\tcommand: 'istanbul cover ./node_modules/mocha/bin/_mocha -x src/PhantomWrapper.js --report lcovonly -- -t ' + MOCHA_TIMEOUT_MS + ' -x src/PhantomWrapper.js --root src/ test/ && cat ./coverage/lcov.info | ./node_modules/coveralls/bin/coveralls.js'","\t\t\t},","\t\t\t'check-coverage': {","\t\t\t\tcommand: 'istanbul check-coverage --lines ' + COVERAGE_THRESHOLD + ' --statements ' + COVERAGE_THRESHOLD + ' --functions ' + COVERAGE_THRESHOLD + ' --branches ' + COVERAGE_THRESHOLD + ' ./coverage/coverage.json'","\t\t\t}","\t\t},","\t\tclean: {","\t\t\tcoverage: {","\t\t\t\tsrc: ['coverage/']","\t\t\t}","\t\t},","\t\twatch: {","\t\t\tcommon: {","\t\t\t\tfiles: ['src/**/*.js', 'test/**/*.js', 'Gruntfile.js'],","\t\t\t\ttasks: ['test']","\t\t\t}","\t\t},","\t\tjshint: {","\t\t\tall: ['src/**/*.js', 'test/**/*.js']","\t\t},","\t\tmochaTest: {","\t\t\tabstractScraper: {","\t\t\t\tsrc: 'test/AbstractScraper.js',","\t\t\t\toptions: MOCHA_OPTIONS","\t\t\t},","\t\t\tstaticScraper: {","\t\t\t\tsrc: 'test/StaticScraper.js',","\t\t\t\toptions: MOCHA_OPTIONS","\t\t\t},","\t\t\tdynamicScraper: {","\t\t\t\tsrc: 'test/DynamicScraper.js',","\t\t\t\toptions: MOCHA_OPTIONS","\t\t\t},","\t\t\tscraperPromise: {","\t\t\t\tsrc: 'test/ScraperPromise.js',","\t\t\t\toptions: MOCHA_OPTIONS","\t\t\t},","\t\t\trouter: {","\t\t\t\tsrc: 'test/Router.js',","\t\t\t\toptions: MOCHA_OPTIONS","\t\t\t},","\t\t\tscraperError: {","\t\t\t\tsrc: 'test/ScraperError.js',","\t\t\t\toptions: MOCHA_OPTIONS","\t\t\t},","\t\t\tcommandLine: {","\t\t\t\tsrc: 'test/commandLine.js',","\t\t\t\toptions: MOCHA_OPTIONS","\t\t\t},","\t\t\tall: {","\t\t\t\tsrc: ['test/AbstractScraper.js', 'test/StaticScraper.js', 'test/DynamicScraper.js', 'test/ScraperPromise.js', 'test/Router.js', 'test/ScraperError.js', 'test/commandLine.js'],","\t\t\t\toptions: MOCHA_OPTIONS","\t\t\t}","\t\t}","\t});","","\tvar server;","","\tgrunt.registerTask('serve', 'Starts express testing server', function() {","\t\tserver = testServer(grunt);","\t});","","\tgrunt.registerTask('unserve', function() {","\t\tif (server) {","\t\t\tserver.close();","\t\t}","\t});","","\tgrunt.registerTask('serve-and-test', ['serve', 'mochaTest:all', 'unserve']);","","\tgrunt.registerTask('coverage', ['clean', 'jshint', 'serve', 'exec:coverage', 'exec:check-coverage', 'unserve']);","\tgrunt.registerTask('coveralls', ['clean', 'jshint', 'serve', 'exec:coveralls', 'exec:check-coverage', 'unserve']);","","\tgrunt.registerTask('unit', ['jshint', 'serve-and-test']);","\tgrunt.registerTask('test', ['coverage']);","","\tgrunt.registerTask('watch-all', ['serve', 'watch', 'unserve']);","};"],"l":{"1":2,"3":0,"11":0,"12":0,"13":0,"14":0,"15":0,"16":0,"18":0,"80":0,"82":0,"83":0,"86":0,"87":0,"88":0,"92":0,"94":0,"95":0,"97":0,"98":0,"100":0}},"/home/travis/build/npmtest/node-npmtest-scraperjs/node_modules/scraperjs/test/setupServer.js":{"path":"/home/travis/build/npmtest/node-npmtest-scraperjs/node_modules/scraperjs/test/setupServer.js","s":{"1":2,"2":0,"3":0,"4":0,"5":0,"6":0,"7":0,"8":0,"9":0,"10":0,"11":0,"12":0,"13":0,"14":0,"15":0,"16":0,"17":0,"18":0,"19":0,"20":0,"21":0,"22":0,"23":0,"24":0,"25":0,"26":0},"b":{"1":[0,0],"2":[0,0]},"f":{"1":0,"2":0,"3":0,"4":0,"5":0,"6":0,"7":0,"8":0},"fnMap":{"1":{"name":"(anonymous_1)","line":4,"loc":{"start":{"line":4,"column":17},"end":{"line":4,"column":39}}},"2":{"name":"(anonymous_2)","line":8,"loc":{"start":{"line":8,"column":31},"end":{"line":8,"column":50}}},"3":{"name":"(anonymous_3)","line":13,"loc":{"start":{"line":13,"column":32},"end":{"line":13,"column":51}}},"4":{"name":"(anonymous_4)","line":18,"loc":{"start":{"line":18,"column":17},"end":{"line":18,"column":46}}},"5":{"name":"(anonymous_5)","line":26,"loc":{"start":{"line":26,"column":23},"end":{"line":26,"column":48}}},"6":{"name":"(anonymous_6)","line":30,"loc":{"start":{"line":30,"column":22},"end":{"line":30,"column":47}}},"7":{"name":"(anonymous_7)","line":34,"loc":{"start":{"line":34,"column":24},"end":{"line":34,"column":49}}},"8":{"name":"(anonymous_8)","line":39,"loc":{"start":{"line":39,"column":39},"end":{"line":39,"column":50}}}},"statementMap":{"1":{"start":{"line":1,"column":0},"end":{"line":2,"column":20}},"2":{"start":{"line":4,"column":0},"end":{"line":44,"column":2}},"3":{"start":{"line":5,"column":1},"end":{"line":6,"column":75}},"4":{"start":{"line":8,"column":1},"end":{"line":11,"column":4}},"5":{"start":{"line":9,"column":2},"end":{"line":9,"column":18}},"6":{"start":{"line":10,"column":2},"end":{"line":10,"column":21}},"7":{"start":{"line":13,"column":1},"end":{"line":16,"column":4}},"8":{"start":{"line":14,"column":2},"end":{"line":14,"column":18}},"9":{"start":{"line":15,"column":2},"end":{"line":15,"column":94}},"10":{"start":{"line":18,"column":1},"end":{"line":25,"column":4}},"11":{"start":{"line":19,"column":2},"end":{"line":19,"column":26}},"12":{"start":{"line":20,"column":2},"end":{"line":24,"column":3}},"13":{"start":{"line":21,"column":3},"end":{"line":21,"column":10}},"14":{"start":{"line":23,"column":3},"end":{"line":23,"column":17}},"15":{"start":{"line":26,"column":1},"end":{"line":29,"column":4}},"16":{"start":{"line":27,"column":2},"end":{"line":27,"column":18}},"17":{"start":{"line":28,"column":2},"end":{"line":28,"column":26}},"18":{"start":{"line":30,"column":1},"end":{"line":33,"column":4}},"19":{"start":{"line":31,"column":2},"end":{"line":31,"column":18}},"20":{"start":{"line":32,"column":2},"end":{"line":32,"column":26}},"21":{"start":{"line":34,"column":1},"end":{"line":37,"column":4}},"22":{"start":{"line":35,"column":2},"end":{"line":35,"column":18}},"23":{"start":{"line":36,"column":2},"end":{"line":36,"column":35}},"24":{"start":{"line":39,"column":1},"end":{"line":41,"column":4}},"25":{"start":{"line":40,"column":2},"end":{"line":40,"column":61}},"26":{"start":{"line":43,"column":1},"end":{"line":43,"column":15}}},"branchMap":{"1":{"line":20,"type":"if","locations":[{"start":{"line":20,"column":2},"end":{"line":20,"column":2}},{"start":{"line":20,"column":2},"end":{"line":20,"column":2}}]},"2":{"line":39,"type":"binary-expr","locations":[{"start":{"line":39,"column":25},"end":{"line":39,"column":29}},{"start":{"line":39,"column":33},"end":{"line":39,"column":37}}]}},"code":["var express = require('express'),","\tfs = require('fs');","","module.exports = function(grunt, port) {","\tvar app = express(),","\t\tHN_CLONE = fs.readFileSync(__dirname + '/static/hacker-news-clone.html');","","\tapp.get('/hacker-news-clone', function(req, res) {","\t\tres.status(200);","\t\tres.send(HN_CLONE);","\t});","","\tapp.post('/hacker-news-clone', function(req, res) {","\t\tres.status(200);","\t\tres.send('<html><head></head><body><div id=\"POST_MESSAGE\">random text</div></body></html>');","\t});","","\tapp.param('id', function(req, res, next, id) {","\t\tvar regex = /^[\\d\\w]+$/;","\t\tif (regex.test(id)) {","\t\t\tnext();","\t\t} else {","\t\t\tnext('route');","\t\t}","\t});","\tapp.get('/watch/:id', function(req, res, next) {","\t\tres.status(200);","\t\tres.send(req.params.id);","\t});","\tapp.get('/info/:id', function(req, res, next) {","\t\tres.status(200);","\t\tres.send(req.params.id);","\t});","\tapp.post('/watch/:id', function(req, res, next) {","\t\tres.status(200);","\t\tres.send(req.params.id + \"post\");","\t});","","\tvar server = app.listen(port || 3000, function() {","\t\tconsole.log('Listening on port %d', server.address().port);","\t});","","\treturn server;","};"],"l":{"1":2,"4":0,"5":0,"8":0,"9":0,"10":0,"13":0,"14":0,"15":0,"18":0,"19":0,"20":0,"21":0,"23":0,"26":0,"27":0,"28":0,"30":0,"31":0,"32":0,"34":0,"35":0,"36":0,"39":0,"40":0,"43":0}},"/home/travis/build/npmtest/node-npmtest-scraperjs/node_modules/scraperjs/src/PhantomWrapper_.js":{"path":"/home/travis/build/npmtest/node-npmtest-scraperjs/node_modules/scraperjs/src/PhantomWrapper_.js","s":{"1":1,"2":0,"3":0,"4":0,"5":0,"6":0,"7":0,"8":0,"9":0,"10":0,"11":0,"12":0,"13":0,"14":0,"15":0,"16":0,"17":0,"18":0,"19":0},"b":{"1":[0,0],"2":[0,0]},"f":{"1":0},"fnMap":{"1":{"name":"wrapper","line":1,"loc":{"start":{"line":1,"column":17},"end":{"line":1,"column":41}}}},"statementMap":{"1":{"start":{"line":1,"column":0},"end":{"line":33,"column":2}},"2":{"start":{"line":2,"column":2},"end":{"line":2,"column":51}},"3":{"start":{"line":3,"column":2},"end":{"line":3,"column":65}},"4":{"start":{"line":4,"column":2},"end":{"line":4,"column":25}},"5":{"start":{"line":5,"column":2},"end":{"line":5,"column":46}},"6":{"start":{"line":6,"column":2},"end":{"line":6,"column":73}},"7":{"start":{"line":7,"column":2},"end":{"line":9,"column":3}},"8":{"start":{"line":8,"column":4},"end":{"line":8,"column":49}},"9":{"start":{"line":10,"column":2},"end":{"line":10,"column":22}},"10":{"start":{"line":11,"column":2},"end":{"line":11,"column":47}},"11":{"start":{"line":13,"column":2},"end":{"line":32,"column":3}},"12":{"start":{"line":14,"column":4},"end":{"line":14,"column":27}},"13":{"start":{"line":15,"column":4},"end":{"line":15,"column":18}},"14":{"start":{"line":16,"column":4},"end":{"line":16,"column":43}},"15":{"start":{"line":17,"column":4},"end":{"line":20,"column":6}},"16":{"start":{"line":22,"column":4},"end":{"line":24,"column":6}},"17":{"start":{"line":25,"column":4},"end":{"line":27,"column":5}},"18":{"start":{"line":26,"column":6},"end":{"line":26,"column":23}},"19":{"start":{"line":28,"column":4},"end":{"line":31,"column":6}}},"branchMap":{"1":{"line":5,"type":"binary-expr","locations":[{"start":{"line":5,"column":15},"end":{"line":5,"column":39}},{"start":{"line":5,"column":43},"end":{"line":5,"column":45}}]},"2":{"line":7,"type":"if","locations":[{"start":{"line":7,"column":2},"end":{"line":7,"column":2}},{"start":{"line":7,"column":2},"end":{"line":7,"column":2}}]}},"code":["module.exports = function wrapper(fnStr) {","  var args = Array.prototype.slice.call(arguments);","  var rg = /^function\\s+([a-zA-Z_$][a-zA-Z_$0-9]*)?\\((.*?)\\) {/g;","  var a = rg.exec(fnStr);","  var fnArgs = a[2].match(/([^,\\s]+)/g) || [];","  var fnBody = fnStr.slice(fnStr.indexOf(\"{\")+1, fnStr.lastIndexOf(\"}\"));","  if (!fnArgs[0].match('$')){","    fnBody = 'var ' + fnArgs[0] + '=$;' + fnBody;","  }","  fnArgs.push(fnBody);","  var scraperFn = Function.apply(this, fnArgs);","","  try {","    var gs = args.slice(1);","    gs.unshift($);","    var result = scraperFn.apply(this, gs);","    return {","      error: null,","      result: result","    };","  } catch(e) {","    var errObj = {","      message: e.message","    };","    for(var x in e) {","      errObj[x] = e[x];","    }","    return {","      error: errObj,","      result: null","    };","  }","};",""],"l":{"1":1,"2":0,"3":0,"4":0,"5":0,"6":0,"7":0,"8":0,"10":0,"11":0,"13":0,"14":0,"15":0,"16":0,"17":0,"22":0,"25":0,"26":0,"28":0}}}